
[][][][][][][][][][][][][][][][][][][][][][][][][][][][][][]
[]
[]                  PROGRAM TESTE: S_LRS
[]----------------------------------------------------------
[]   SOURCE FILE: LRS
[]
[]   TOTAL MUTANTS: 1132
[]
[]   ANOMALOUS MUTANTS: 0
[]
[]   ACTIVE MUTANTS: 5
[]
[]   ALIVE MUTANTS: 0
[]
[]   EQUIVALENT MUTANTS: 0
[]
[]   MUTATION SCORE: 1.000000
[]
[]   OPERATORS:
[]   u-Cccr             10    u-CCDL              6    u-Ccsr             62    
[]   u-CRCR            195    u-OAAN             28    u-OABN             21    
[]   u-OALN             14    u-OARN             42    u-OASN             14    
[]   u-OCNG              9    u-OEAA             40    u-OEBA             24    
[]   u-OESA             16    u-Oido              5    u-OODL             32    
[]   u-ORAN             45    u-ORBN             27    u-ORLN             18    
[]   u-ORRN             45    u-ORSN             18    u-SMTC              5    
[]   u-SMTT              5    u-SMVB              2    u-SRSR             36    
[]   u-SSDL             37    u-STRI              6    u-STRP             37    
[]   u-VDTR            117    u-VLAR              6    u-VLPR             32    
[]   u-VLSR             81    u-VTWD             78    u-VVDL             19    
[]
[][][][][][][][][][][][][][][][][][][][][][][][][][][][][][]

Teste Case # 1
	Number of Dead Mutants: 62
_________________________________________________


Teste Case # 2
	Number of Dead Mutants: 795
_________________________________________________


Teste Case # 3
	Number of Dead Mutants: 579
_________________________________________________


Teste Case # 4
	Number of Dead Mutants: 492
_________________________________________________


Teste Case # 5
	Number of Dead Mutants: 558
_________________________________________________


Teste Case # 6
	Number of Dead Mutants: 580
_________________________________________________


Teste Case # 7
	Number of Dead Mutants: 654
_________________________________________________
