
[][][][][][][][][][][][][][][][][][][][][][][][][][][][][][]
[]
[]                  PROGRAM TESTE: S_Stack
[]----------------------------------------------------------
[]   SOURCE FILE: Stack
[]
[]   TOTAL MUTANTS: 461
[]
[]   ANOMALOUS MUTANTS: 0
[]
[]   ACTIVE MUTANTS: 461
[]
[]   ALIVE MUTANTS: 461
[]
[]   EQUIVALENT MUTANTS: 0
[]
[]   MUTATION SCORE: 0.000000
[]
[]   OPERATORS:
[]   u-Cccr              6    u-CCDL              2    u-Ccsr             10    
[]   u-CRCR             35    u-OCNG              9    u-OEAA             12    
[]   u-OEBA              6    u-OESA              4    u-Oido              3    
[]   u-OODL             16    u-ORAN             10    u-ORBN              6    
[]   u-ORLN             14    u-ORRN             35    u-ORSN              4    
[]   u-SMTC              1    u-SMTT              1    u-SMVB              2    
[]   u-SRSR             71    u-SSDL             49    u-STRI             16    
[]   u-STRP             49    u-SWDD              1    u-VDTR             21    
[]   u-VGSR             39    u-VLSR             10    u-VSCR              8    
[]   u-VTWD             14    u-VVDL              7    
[]
[][][][][][][][][][][][][][][][][][][][][][][][][][][][][][]