
[][][][][][][][][][][][][][][][][][][][][][][][][][][][][][]
[]
[]                  PROGRAM TESTE: S_Stack
[]----------------------------------------------------------
[]   SOURCE FILE: Stack
[]
[]   TOTAL MUTANTS: 461
[]
[]   ANOMALOUS MUTANTS: 0
[]
[]   ACTIVE MUTANTS: 49
[]
[]   ALIVE MUTANTS: 6
[]
[]   EQUIVALENT MUTANTS: 9
[]
[]   MUTATION SCORE: 0.850000
[]
[]   OPERATORS:
[]   u-Cccr              6    u-CCDL              2    u-Ccsr             10    
[]   u-CRCR             35    u-OCNG              9    u-OEAA             12    
[]   u-OEBA              6    u-OESA              4    u-Oido              3    
[]   u-OODL             16    u-ORAN             10    u-ORBN              6    
[]   u-ORLN             14    u-ORRN             35    u-ORSN              4    
[]   u-SMTC              1    u-SMTT              1    u-SMVB              2    
[]   u-SRSR             71    u-SSDL             49    u-STRI             16    
[]   u-STRP             49    u-SWDD              1    u-VDTR             21    
[]   u-VGSR             39    u-VLSR             10    u-VSCR              8    
[]   u-VTWD             14    u-VVDL              7    
[]
[][][][][][][][][][][][][][][][][][][][][][][][][][][][][][]

Teste Case # 1
	Number of Dead Mutants: 290
_________________________________________________


Teste Case # 2
	Number of Dead Mutants: 72
_________________________________________________


Teste Case # 3
	Number of Dead Mutants: 314
_________________________________________________


Teste Case # 4
	Number of Dead Mutants: 180
_________________________________________________


Teste Case # 5
	Number of Dead Mutants: 38
_________________________________________________


Teste Case # 6
	Number of Dead Mutants: 184
_________________________________________________


Teste Case # 7
	Number of Dead Mutants: 209
_________________________________________________


Teste Case # 8
	Number of Dead Mutants: 209
_________________________________________________


Teste Case # 9
	Number of Dead Mutants: 276
_________________________________________________


Teste Case # 10
	Number of Dead Mutants: 217
_________________________________________________
