
Teste Case # 1 0
Label:	
	ENABLED
	Exec. Time (CPU): 10
	Exec. Time (total): 10
	Return Code: 0
	Parameters: 1 
	Input Size: 0
	Output Size: 105
	Stderr Size: 0
	Input:

	Output:
median:             1.000
mean:               1.000
variance:           0.000
standard deviation: 0.000


	Stderr:

Travessed blocks:

Teste Case # 2 1
Label:	
	ENABLED
	Exec. Time (CPU): 10
	Exec. Time (total): 11
	Return Code: 0
	Parameters: 1 2 
	Input Size: 0
	Output Size: 105
	Stderr Size: 0
	Input:

	Output:
median:             2.000
mean:               1.500
variance:           0.500
standard deviation: 0.707


	Stderr:

Travessed blocks:

Teste Case # 3 2
Label:	
	ENABLED
	Exec. Time (CPU): 10
	Exec. Time (total): 10
	Return Code: 0
	Parameters: -1 0 1 
	Input Size: 0
	Output Size: 105
	Stderr Size: 0
	Input:

	Output:
median:             0.000
mean:               0.000
variance:           1.000
standard deviation: 1.000


	Stderr:

Travessed blocks:

Teste Case # 4 3
Label:	
	ENABLED
	Exec. Time (CPU): 10
	Exec. Time (total): 11
	Return Code: 0
	Parameters: 1 2 3 
	Input Size: 0
	Output Size: 105
	Stderr Size: 0
	Input:

	Output:
median:             2.000
mean:               2.000
variance:           1.000
standard deviation: 1.000


	Stderr:

Travessed blocks:

Teste Case # 5 4
Label:	
	ENABLED
	Exec. Time (CPU): 10
	Exec. Time (total): 10
	Return Code: 0
	Parameters: -2 -1 10 
	Input Size: 0
	Output Size: 107
	Stderr Size: 0
	Input:

	Output:
median:             -1.000
mean:               2.333
variance:           44.333
standard deviation: 6.658


	Stderr:

Travessed blocks:

Teste Case # 6 5
Label:	
	ENABLED
	Exec. Time (CPU): 10
	Exec. Time (total): 11
	Return Code: 0
	Parameters: 1 2 3 4 5 6 7 8 9 
	Input Size: 0
	Output Size: 105
	Stderr Size: 0
	Input:

	Output:
median:             5.000
mean:               5.000
variance:           7.500
standard deviation: 2.739


	Stderr:

Travessed blocks:

Teste Case # 7 6
Label:	
	ENABLED
	Exec. Time (CPU): 10
	Exec. Time (total): 10
	Return Code: 0
	Parameters: -2 -1 0 1 
	Input Size: 0
	Output Size: 106
	Stderr Size: 0
	Input:

	Output:
median:             0.000
mean:               -0.500
variance:           1.667
standard deviation: 1.291


	Stderr:

Travessed blocks:
