
[][][][][][][][][][][][][][][][][][][][][][][][][][][][][][]
[]
[]                  PROGRAM TESTE: S_boundedQueue
[]----------------------------------------------------------
[]   SOURCE FILE: boundedQueue
[]
[]   TOTAL MUTANTS: 1121
[]
[]   ANOMALOUS MUTANTS: 0
[]
[]   ACTIVE MUTANTS: 1121
[]
[]   ALIVE MUTANTS: 1121
[]
[]   EQUIVALENT MUTANTS: 0
[]
[]   MUTATION SCORE: 0.000000
[]
[]   OPERATORS:
[]   u-Cccr              6    u-CCDL              8    u-Ccsr             45    
[]   u-CRCR            150    u-OAAN             44    u-OABN             33    
[]   u-OALN             22    u-OARN             66    u-OASN             22    
[]   u-OCNG              5    u-OEAA             62    u-OEBA             36    
[]   u-OESA             24    u-Oido              1    u-OODL             37    
[]   u-ORAN             35    u-ORBN             21    u-ORLN             14    
[]   u-ORRN             35    u-ORSN             14    u-SMTC              1    
[]   u-SMTT              1    u-SMVB              1    u-SRSR             47    
[]   u-SSDL             45    u-STRI              8    u-STRP             45    
[]   u-VDTR             90    u-VLSR             39    u-VSCR             81    
[]   u-VTWD             60    u-VVDL             23    
[]
[][][][][][][][][][][][][][][][][][][][][][][][][][][][][][]