
[][][][][][][][][][][][][][][][][][][][][][][][][][][][][][]
[]
[]                  PROGRAM TESTE: S_date-plus
[]----------------------------------------------------------
[]   SOURCE FILE: date-plus
[]
[]   TOTAL MUTANTS: 2421
[]
[]   ANOMALOUS MUTANTS: 0
[]
[]   ACTIVE MUTANTS: 2421
[]
[]   ALIVE MUTANTS: 193
[]
[]   EQUIVALENT MUTANTS: 164
[]
[]   MUTATION SCORE: 0.914488
[]
[]   OPERATORS:
[]   u-Cccr            214    u-CCDL             18    u-Ccsr            331    
[]   u-CRCR            250    u-OAAA             22    u-OAAN              8    
[]   u-OABA              3    u-OABN              6    u-OAEA              7    
[]   u-OALN              4    u-OARN             12    u-OASA              2    
[]   u-OASN              4    u-OCNG             13    u-OEAA             22    
[]   u-OEBA              6    u-OESA              4    u-Oido             15    
[]   u-OLAN             30    u-OLBN             18    u-OLLN              6    
[]   u-OLNG             18    u-OLRN             36    u-OLSN             12    
[]   u-OODL             56    u-ORAN             80    u-ORBN             48    
[]   u-ORLN             32    u-ORRN             80    u-ORSN             32    
[]   u-SMTC              4    u-SMTT              4    u-SMVB              5    
[]   u-SRSR             89    u-SSDL             89    u-SSWM             16    
[]   u-STRI             18    u-STRP             89    u-SWDD              3    
[]   u-VDTR            144    u-VGSR            121    u-VLAR              2    
[]   u-VLPR              4    u-VLSR            168    u-VSCR            162    
[]   u-VTWD             96    u-VVDL             18    
[]
[][][][][][][][][][][][][][][][][][][][][][][][][][][][][][]

Teste Case # 1
	Number of Dead Mutants: 931
_________________________________________________


Teste Case # 2
	Number of Dead Mutants: 1048
_________________________________________________


Teste Case # 3
	Number of Dead Mutants: 1040
_________________________________________________


Teste Case # 4
	Number of Dead Mutants: 1057
_________________________________________________


Teste Case # 5
	Number of Dead Mutants: 1076
_________________________________________________


Teste Case # 6
	Number of Dead Mutants: 977
_________________________________________________


Teste Case # 7
	Number of Dead Mutants: 1095
_________________________________________________


Teste Case # 8
	Number of Dead Mutants: 1097
_________________________________________________


Teste Case # 9
	Number of Dead Mutants: 640
_________________________________________________


Teste Case # 10
	Number of Dead Mutants: 1111
_________________________________________________


Teste Case # 11
	Number of Dead Mutants: 330
_________________________________________________


Teste Case # 12
	Number of Dead Mutants: 363
_________________________________________________


Teste Case # 13
	Number of Dead Mutants: 1036
_________________________________________________


Teste Case # 14
	Number of Dead Mutants: 938
_________________________________________________


Teste Case # 15
	Number of Dead Mutants: 916
_________________________________________________


Teste Case # 16
	Number of Dead Mutants: 1089
_________________________________________________


Teste Case # 17
	Number of Dead Mutants: 366
_________________________________________________


Teste Case # 18
	Number of Dead Mutants: 297
_________________________________________________


Teste Case # 19
	Number of Dead Mutants: 1097
_________________________________________________


Teste Case # 20
	Number of Dead Mutants: 1111
_________________________________________________


Teste Case # 21
	Number of Dead Mutants: 1171
_________________________________________________


Teste Case # 22
	Number of Dead Mutants: 1041
_________________________________________________


Teste Case # 23
	Number of Dead Mutants: 1151
_________________________________________________


Teste Case # 24
	Number of Dead Mutants: 1164
_________________________________________________


Teste Case # 25
	Number of Dead Mutants: 1172
_________________________________________________


Teste Case # 26
	Number of Dead Mutants: 1229
_________________________________________________


Teste Case # 27
	Number of Dead Mutants: 1151
_________________________________________________


Teste Case # 28
	Number of Dead Mutants: 1174
_________________________________________________


Teste Case # 29
	Number of Dead Mutants: 1204
_________________________________________________


Teste Case # 30
	Number of Dead Mutants: 1199
_________________________________________________


Teste Case # 31
	Number of Dead Mutants: 1353
_________________________________________________


Teste Case # 32
	Number of Dead Mutants: 973
_________________________________________________


Teste Case # 33
	Number of Dead Mutants: 1151
_________________________________________________


Teste Case # 34
	Number of Dead Mutants: 1151
_________________________________________________


Teste Case # 35
	Number of Dead Mutants: 1236
_________________________________________________


Teste Case # 36
	Number of Dead Mutants: 992
_________________________________________________


Teste Case # 37
	Number of Dead Mutants: 984
_________________________________________________


Teste Case # 38
	Number of Dead Mutants: 920
_________________________________________________


Teste Case # 39
	Number of Dead Mutants: 800
_________________________________________________


Teste Case # 40
	Number of Dead Mutants: 670
_________________________________________________


Teste Case # 41
	Number of Dead Mutants: 901
_________________________________________________


Teste Case # 42
	Number of Dead Mutants: 925
_________________________________________________


Teste Case # 43
	Number of Dead Mutants: 984
_________________________________________________


Teste Case # 44
	Number of Dead Mutants: 867
_________________________________________________


Teste Case # 45
	Number of Dead Mutants: 857
_________________________________________________


Teste Case # 46
	Number of Dead Mutants: 284
_________________________________________________


Teste Case # 47
	Number of Dead Mutants: 675
_________________________________________________


Teste Case # 48
	Number of Dead Mutants: 917
_________________________________________________
