
[][][][][][][][][][][][][][][][][][][][][][][][][][][][][][]
[]
[]                  PROGRAM TESTE: S_boundedQueue
[]----------------------------------------------------------
[]   SOURCE FILE: boundedQueue
[]
[]   TOTAL MUTANTS: 1121
[]
[]   ANOMALOUS MUTANTS: 0
[]
[]   ACTIVE MUTANTS: 1121
[]
[]   ALIVE MUTANTS: 107
[]
[]   EQUIVALENT MUTANTS: 100
[]
[]   MUTATION SCORE: 0.895201
[]
[]   OPERATORS:
[]   u-Cccr              6    u-CCDL              8    u-Ccsr             45    
[]   u-CRCR            150    u-OAAN             44    u-OABN             33    
[]   u-OALN             22    u-OARN             66    u-OASN             22    
[]   u-OCNG              5    u-OEAA             62    u-OEBA             36    
[]   u-OESA             24    u-Oido              1    u-OODL             37    
[]   u-ORAN             35    u-ORBN             21    u-ORLN             14    
[]   u-ORRN             35    u-ORSN             14    u-SMTC              1    
[]   u-SMTT              1    u-SMVB              1    u-SRSR             47    
[]   u-SSDL             45    u-STRI              8    u-STRP             45    
[]   u-VDTR             90    u-VLSR             39    u-VSCR             81    
[]   u-VTWD             60    u-VVDL             23    
[]
[][][][][][][][][][][][][][][][][][][][][][][][][][][][][][]

Teste Case # 1
	Number of Dead Mutants: 527
_________________________________________________


Teste Case # 2
	Number of Dead Mutants: 63
_________________________________________________


Teste Case # 3
	Number of Dead Mutants: 372
_________________________________________________


Teste Case # 4
	Number of Dead Mutants: 555
_________________________________________________


Teste Case # 5
	Number of Dead Mutants: 551
_________________________________________________


Teste Case # 6
	Number of Dead Mutants: 93
_________________________________________________


Teste Case # 7
	Number of Dead Mutants: 749
_________________________________________________


Teste Case # 8
	Number of Dead Mutants: 751
_________________________________________________


Teste Case # 9
	Number of Dead Mutants: 849
_________________________________________________


Teste Case # 10
	Number of Dead Mutants: 563
_________________________________________________


Teste Case # 11
	Number of Dead Mutants: 745
_________________________________________________


Teste Case # 12
	Number of Dead Mutants: 610
_________________________________________________


Teste Case # 13
	Number of Dead Mutants: 741
_________________________________________________
