
[][][][][][][][][][][][][][][][][][][][][][][][][][][][][][]
[]
[]                  PROGRAM TESTE: S_MergeSort
[]----------------------------------------------------------
[]   SOURCE FILE: MergeSort
[]
[]   TOTAL MUTANTS: 991
[]
[]   ANOMALOUS MUTANTS: 0
[]
[]   ACTIVE MUTANTS: 35
[]
[]   ALIVE MUTANTS: 0
[]
[]   EQUIVALENT MUTANTS: 1
[]
[]   MUTATION SCORE: 1.000000
[]
[]   OPERATORS:
[]   u-Cccr             16    u-CCDL              5    u-Ccsr             24    
[]   u-CRCR            155    u-OAAN             24    u-OABN             18    
[]   u-OALN             12    u-OARN             36    u-OASN             12    
[]   u-OCNG              6    u-OEAA             25    u-OEBA             15    
[]   u-OESA             10    u-Oido             17    u-OLAN              5    
[]   u-OLBN              3    u-OLLN              1    u-OLNG              3    
[]   u-OLRN              6    u-OLSN              2    u-OODL             28    
[]   u-ORAN             35    u-ORBN             21    u-ORLN             14    
[]   u-ORRN             35    u-ORSN             14    u-SMTC              4    
[]   u-SMTT              4    u-SMVB              1    u-SRSR             23    
[]   u-SSDL             23    u-STRI              4    u-STRP             23    
[]   u-SWDD              4    u-VDTR             93    u-VLAR              6    
[]   u-VLPR             22    u-VLSR            159    u-VTWD             62    
[]   u-VVDL             21    
[]
[][][][][][][][][][][][][][][][][][][][][][][][][][][][][][]

Teste Case # 1
	Number of Dead Mutants: 17
_________________________________________________


Teste Case # 2
	Number of Dead Mutants: 588
_________________________________________________


Teste Case # 3
	Number of Dead Mutants: 891
_________________________________________________


Teste Case # 4
	Number of Dead Mutants: 171
_________________________________________________


Teste Case # 5
	Number of Dead Mutants: 20
_________________________________________________


Teste Case # 6
	Number of Dead Mutants: 165
_________________________________________________


Teste Case # 7
	Number of Dead Mutants: 11
_________________________________________________


Teste Case # 8
	Number of Dead Mutants: 171
_________________________________________________


Teste Case # 9
	Number of Dead Mutants: 174
_________________________________________________


Teste Case # 10
	Number of Dead Mutants: 904
_________________________________________________


Teste Case # 11
	Number of Dead Mutants: 749
_________________________________________________


Teste Case # 12
	Number of Dead Mutants: 41
_________________________________________________


Teste Case # 13
	Number of Dead Mutants: 239
_________________________________________________


Teste Case # 14
	Number of Dead Mutants: 101
_________________________________________________


Teste Case # 15
	Number of Dead Mutants: 110
_________________________________________________


Teste Case # 16
	Number of Dead Mutants: 175
_________________________________________________
