
[][][][][][][][][][][][][][][][][][][][][][][][][][][][][][]
[]
[]                  PROGRAM TESTE: S_power
[]----------------------------------------------------------
[]   SOURCE FILE: power
[]
[]   TOTAL MUTANTS: 268
[]
[]   ANOMALOUS MUTANTS: 0
[]
[]   ACTIVE MUTANTS: 268
[]
[]   ALIVE MUTANTS: 52
[]
[]   EQUIVALENT MUTANTS: 8
[]
[]   MUTATION SCORE: 0.800000
[]
[]   OPERATORS:
[]   u-Cccr              6    u-CCDL              1    u-Ccsr             21    
[]   u-CRCR             35    u-OAAN              4    u-OABN              3    
[]   u-OALN              2    u-OARN              6    u-OASN              2    
[]   u-OCNG              2    u-OEAA             20    u-OEBA             12    
[]   u-OESA              8    u-Oido              1    u-OODL              6    
[]   u-ORAN             10    u-ORBN              6    u-ORLN              4    
[]   u-ORRN             10    u-ORSN              4    u-SMTC              1    
[]   u-SMTT              1    u-SRSR              7    u-SSDL              9    
[]   u-STRI              2    u-STRP              9    u-VDTR             21    
[]   u-VLSR             36    u-VTWD             14    u-VVDL              5    
[]
[][][][][][][][][][][][][][][][][][][][][][][][][][][][][][]

Teste Case # 1
	Number of Dead Mutants: 75
_________________________________________________


Teste Case # 2
	Number of Dead Mutants: 98
_________________________________________________


Teste Case # 3
	Number of Dead Mutants: 78
_________________________________________________


Teste Case # 4
	Number of Dead Mutants: 104
_________________________________________________


Teste Case # 5
	Number of Dead Mutants: 208
_________________________________________________


Teste Case # 6
	Number of Dead Mutants: 208
_________________________________________________


Teste Case # 7
	Number of Dead Mutants: 210
_________________________________________________


Teste Case # 8
	Number of Dead Mutants: 209
_________________________________________________
