
[][][][][][][][][][][][][][][][][][][][][][][][][][][][][][]
[]
[]                  PROGRAM TESTE: S_checkIt
[]----------------------------------------------------------
[]   SOURCE FILE: checkIt
[]
[]   TOTAL MUTANTS: 104
[]
[]   ANOMALOUS MUTANTS: 0
[]
[]   ACTIVE MUTANTS: 104
[]
[]   ALIVE MUTANTS: 104
[]
[]   EQUIVALENT MUTANTS: 0
[]
[]   MUTATION SCORE: 0.000000
[]
[]   OPERATORS:
[]   u-CRCR             15    u-OCNG              1    u-OLAN             10    
[]   u-OLBN              6    u-OLLN              2    u-OLNG              6    
[]   u-OLRN             12    u-OLSN              4    u-OODL              4    
[]   u-SRSR              6    u-SSDL              6    u-STRI              2    
[]   u-STRP              6    u-VDTR              9    u-VLSR              6    
[]   u-VTWD              6    u-VVDL              3    
[]
[][][][][][][][][][][][][][][][][][][][][][][][][][][][][][]