
[][][][][][][][][][][][][][][][][][][][][][][][][][][][][][]
[]
[]                  PROGRAM TESTE: S_checkIt
[]----------------------------------------------------------
[]   SOURCE FILE: checkIt
[]
[]   TOTAL MUTANTS: 104
[]
[]   ANOMALOUS MUTANTS: 0
[]
[]   ACTIVE MUTANTS: 104
[]
[]   ALIVE MUTANTS: 0
[]
[]   EQUIVALENT MUTANTS: 3
[]
[]   MUTATION SCORE: 1.000000
[]
[]   OPERATORS:
[]   u-CRCR             15    u-OCNG              1    u-OLAN             10    
[]   u-OLBN              6    u-OLLN              2    u-OLNG              6    
[]   u-OLRN             12    u-OLSN              4    u-OODL              4    
[]   u-SRSR              6    u-SSDL              6    u-STRI              2    
[]   u-STRP              6    u-VDTR              9    u-VLSR              6    
[]   u-VTWD              6    u-VVDL              3    
[]
[][][][][][][][][][][][][][][][][][][][][][][][][][][][][][]

Teste Case # 1
	Number of Dead Mutants: 21
_________________________________________________


Teste Case # 2
	Number of Dead Mutants: 34
_________________________________________________


Teste Case # 3
	Number of Dead Mutants: 34
_________________________________________________


Teste Case # 4
	Number of Dead Mutants: 54
_________________________________________________


Teste Case # 5
	Number of Dead Mutants: 47
_________________________________________________


Teste Case # 6
	Number of Dead Mutants: 44
_________________________________________________


Teste Case # 7
	Number of Dead Mutants: 36
_________________________________________________


Teste Case # 8
	Number of Dead Mutants: 34
_________________________________________________


Teste Case # 9
	Number of Dead Mutants: 45
_________________________________________________
