
Teste Case # 1 0
Label:	
	ENABLED
	Exec. Time (CPU): 10
	Exec. Time (total): 11
	Return Code: 1
	Parameters: 1 
	Input Size: 0
	Output Size: 22
	Stderr Size: 0
	Input:

	Output:
Number of zeros is: 0

	Stderr:

Travessed blocks:

Teste Case # 2 1
Label:	
	ENABLED
	Exec. Time (CPU): 10
	Exec. Time (total): 10
	Return Code: 1
	Parameters: 0 
	Input Size: 0
	Output Size: 22
	Stderr Size: 0
	Input:

	Output:
Number of zeros is: 1

	Stderr:

Travessed blocks:

Teste Case # 3 2
Label:	
	ENABLED
	Exec. Time (CPU): 10
	Exec. Time (total): 10
	Return Code: 1
	Parameters: 1 0 
	Input Size: 0
	Output Size: 22
	Stderr Size: 0
	Input:

	Output:
Number of zeros is: 1

	Stderr:

Travessed blocks:

Teste Case # 4 3
Label:	
	ENABLED
	Exec. Time (CPU): 10
	Exec. Time (total): 10
	Return Code: 1
	Parameters: 1 0 0 
	Input Size: 0
	Output Size: 22
	Stderr Size: 0
	Input:

	Output:
Number of zeros is: 2

	Stderr:

Travessed blocks:
