
[][][][][][][][][][][][][][][][][][][][][][][][][][][][][][]
[]
[]                  PROGRAM TESTE: S_print_tokens2
[]----------------------------------------------------------
[]   SOURCE FILE: print_tokens2
[]
[]   TOTAL MUTANTS: 4746
[]
[]   ANOMALOUS MUTANTS: 0
[]
[]   ACTIVE MUTANTS: 4746
[]
[]   ALIVE MUTANTS: 4746
[]
[]   EQUIVALENT MUTANTS: 0
[]
[]   MUTATION SCORE: 0.000000
[]
[]   OPERATORS:
[]   u-Cccr            580    u-CCDL             41    u-Ccsr            471    
[]   u-CRCR            353    u-OAAN              9    u-OBAN             35    
[]   u-OBBN             14    u-OBLN             14    u-OBNG             21    
[]   u-OBRN             42    u-OBSA             12    u-OBSN             14    
[]   u-OCNG             67    u-OCOR             36    u-OEAA            110    
[]   u-OEBA             66    u-OESA             44    u-Oido              6    
[]   u-OLAN             55    u-OLBN             33    u-OLLN             11    
[]   u-OLNG             33    u-OLRN             66    u-OLSN             22    
[]   u-OODL            161    u-ORAN            220    u-ORBN            132    
[]   u-ORLN             92    u-ORRN            230    u-ORSN             88    
[]   u-SMTC              6    u-SMTT              6    u-SMVB              6    
[]   u-SRSR            401    u-SSDL            232    u-STRI            122    
[]   u-STRP            232    u-SWDD              5    u-VDTR            219    
[]   u-VGAR              9    u-VLAR             13    u-VLSR            221    
[]   u-VTWD            146    u-VVDL             50    
[]
[][][][][][][][][][][][][][][][][][][][][][][][][][][][][][]