
[][][][][][][][][][][][][][][][][][][][][][][][][][][][][][]
[]
[]                  PROGRAM TESTE: S_stats
[]----------------------------------------------------------
[]   SOURCE FILE: stats
[]
[]   TOTAL MUTANTS: 884
[]
[]   ANOMALOUS MUTANTS: 0
[]
[]   ACTIVE MUTANTS: 75
[]
[]   ALIVE MUTANTS: 0
[]
[]   EQUIVALENT MUTANTS: 23
[]
[]   MUTATION SCORE: 1.000000
[]
[]   OPERATORS:
[]   u-Cccr             12    u-CCDL              3    u-Ccsr             55    
[]   u-CRCR            145    u-OAAA              3    u-OAAN             26    
[]   u-OABN              6    u-OAEA              1    u-OALN             16    
[]   u-OARN             48    u-OASN              4    u-OCNG              3    
[]   u-OEAA             38    u-OEBA              6    u-OESA              4    
[]   u-Oido              2    u-OODL             23    u-ORAN             15    
[]   u-ORBN              9    u-ORLN              6    u-ORRN             15    
[]   u-ORSN              6    u-SMTC              2    u-SMTT              2    
[]   u-SMVB              4    u-SRSR             17    u-SSDL             17    
[]   u-STRP             17    u-VDTR             75    u-VLSR            239    
[]   u-VTWD             50    u-VVDL             15    
[]
[][][][][][][][][][][][][][][][][][][][][][][][][][][][][][]

Teste Case # 1
	Number of Dead Mutants: 358
_________________________________________________


Teste Case # 2
	Number of Dead Mutants: 693
_________________________________________________


Teste Case # 3
	Number of Dead Mutants: 590
_________________________________________________


Teste Case # 4
	Number of Dead Mutants: 686
_________________________________________________


Teste Case # 5
	Number of Dead Mutants: 721
_________________________________________________


Teste Case # 6
	Number of Dead Mutants: 722
_________________________________________________


Teste Case # 7
	Number of Dead Mutants: 698
_________________________________________________
