
[][][][][][][][][][][][][][][][][][][][][][][][][][][][][][]
[]
[]                  PROGRAM TESTE: S_Gaussian
[]----------------------------------------------------------
[]   SOURCE FILE: Gaussian
[]
[]   TOTAL MUTANTS: 1086
[]
[]   ANOMALOUS MUTANTS: 0
[]
[]   ACTIVE MUTANTS: 1086
[]
[]   ALIVE MUTANTS: 1086
[]
[]   EQUIVALENT MUTANTS: 0
[]
[]   MUTATION SCORE: 0.000000
[]
[]   OPERATORS:
[]   u-Cccr             17    u-CCDL              5    u-Ccsr             53    
[]   u-CRCR            257    u-OAAA              4    u-OAAN             51    
[]   u-OABA              3    u-OAEA              1    u-OALN             34    
[]   u-OARN            102    u-OASA              2    u-OCNG              5    
[]   u-OEAA             13    u-OEBA              3    u-OESA              2    
[]   u-OODL             48    u-ORAN             20    u-ORLN             10    
[]   u-ORRN             25    u-SMTC              1    u-SMTT              1    
[]   u-SMVB              1    u-SRSR             42    u-SSDL             24    
[]   u-STRI              8    u-STRP             24    u-VDTR            111    
[]   u-VLSR            121    u-VTWD             74    u-VVDL             24    
[]
[][][][][][][][][][][][][][][][][][][][][][][][][][][][][][]