
Teste Case # 1 0
Label:	
	ENABLED
	Exec. Time (CPU): 10
	Exec. Time (total): 10
	Return Code: 1
	Parameters: 1 3 4 
	Input Size: 0
	Output Size: 42
	Stderr Size: 0
	Input:

	Output:
  0.2419707245191434   0.0880163316910749

	Stderr:

Travessed blocks:

Teste Case # 2 1
Label:	
	ENABLED
	Exec. Time (CPU): 10
	Exec. Time (total): 10
	Return Code: 1
	Parameters: 10 3 4 
	Input Size: 0
	Output Size: 42
	Stderr Size: 0
	Input:

	Output:
  0.0000000000000000   0.0215693297066279

	Stderr:

Travessed blocks:

Teste Case # 3 2
Label:	
	ENABLED
	Exec. Time (CPU): 10
	Exec. Time (total): 10
	Return Code: 1
	Parameters: -10 3 4 
	Input Size: 0
	Output Size: 42
	Stderr Size: 0
	Input:

	Output:
  0.0000000000000000   0.0005072620143249

	Stderr:

Travessed blocks:

Teste Case # 4 3
Label:	
	ENABLED
	Exec. Time (CPU): 10
	Exec. Time (total): 10
	Return Code: 1
	Parameters: - 1 1 3 4 
	Input Size: 0
	Output Size: 42
	Stderr Size: 0
	Input:

	Output:
  0.8413447460685430   0.3085375387259869

	Stderr:

Travessed blocks:

Teste Case # 5 4
Label:	
	ENABLED
	Exec. Time (CPU): 10
	Exec. Time (total): 10
	Return Code: 1
	Parameters: - 1 10 3 4 
	Input Size: 0
	Output Size: 42
	Stderr Size: 0
	Input:

	Output:
  1.0000000000000000   0.9599408431361829

	Stderr:

Travessed blocks:

Teste Case # 6 5
Label:	
	ENABLED
	Exec. Time (CPU): 10
	Exec. Time (total): 10
	Return Code: 1
	Parameters: - 1 -10 3 4 
	Input Size: 0
	Output Size: 42
	Stderr Size: 0
	Input:

	Output:
  0.0000000000000000   0.0005770250423908

	Stderr:

Travessed blocks:

Teste Case # 7 6
Label:	
	ENABLED
	Exec. Time (CPU): 10
	Exec. Time (total): 10
	Return Code: 1
	Parameters: - 2 1 
	Input Size: 0
	Output Size: 63
	Stderr Size: 0
	Input:

	Output:
  0.8413447460685430   1.0000000037252903   7.9999999962747097

	Stderr:

Travessed blocks:

Teste Case # 8 7
Label:	
	ENABLED
	Exec. Time (CPU): 10
	Exec. Time (total): 10
	Return Code: 1
	Parameters: - 2 -10 
	Input Size: 0
	Output Size: 63
	Stderr Size: 0
	Input:

	Output:
  0.0000000000000000  -7.9958495460450649  -7.9999999962747097

	Stderr:

Travessed blocks:

Teste Case # 9 8
Label:	
	ENABLED
	Exec. Time (CPU): 10
	Exec. Time (total): 10
	Return Code: 1
	Parameters: - 3 10 0.1 9 19 
	Input Size: 0
	Output Size: 63
	Stderr Size: 0
	Input:

	Output:
  1.0000000000000000  18.9609375000000000  18.9609375000000000

	Stderr:

Travessed blocks:

Teste Case # 10 9
Label:	
	ENABLED
	Exec. Time (CPU): 10
	Exec. Time (total): 10
	Return Code: 1
	Parameters: 0 3 4 
	Input Size: 0
	Output Size: 42
	Stderr Size: 0
	Input:

	Output:
  0.3989422804014327   0.0752843580387011

	Stderr:

Travessed blocks:

Teste Case # 11 10
Label:	
	ENABLED
	Exec. Time (CPU): 10
	Exec. Time (total): 10
	Return Code: 1
	Parameters: 1 0 4 
	Input Size: 0
	Output Size: 42
	Stderr Size: 0
	Input:

	Output:
  0.2419707245191434   0.0966670292007123

	Stderr:

Travessed blocks:

Teste Case # 12 11
Label:	
	ENABLED
	Exec. Time (CPU): 10
	Exec. Time (total): 10
	Return Code: 1
	Parameters: 1 -3 4 
	Input Size: 0
	Output Size: 42
	Stderr Size: 0
	Input:

	Output:
  0.2419707245191434   0.0604926811297858

	Stderr:

Travessed blocks:

Teste Case # 13 12
Label:	
	ENABLED
	Exec. Time (CPU): 10
	Exec. Time (total): 10
	Return Code: 1
	Parameters: 1 3 0 
	Input Size: 0
	Output Size: 42
	Stderr Size: 0
	Input:

	Output:
  0.2419707245191434                 -nan

	Stderr:

Travessed blocks:

Teste Case # 14 13
Label:	
	ENABLED
	Exec. Time (CPU): 10
	Exec. Time (total): 10
	Return Code: 1
	Parameters: 1 3 -4 
	Input Size: 0
	Output Size: 42
	Stderr Size: 0
	Input:

	Output:
  0.2419707245191434  -0.0880163316910749

	Stderr:

Travessed blocks:

Teste Case # 15 14
Label:	
	ENABLED
	Exec. Time (CPU): 10
	Exec. Time (total): 10
	Return Code: 1
	Parameters: - 1 0 3 4 
	Input Size: 0
	Output Size: 42
	Stderr Size: 0
	Input:

	Output:
  0.5000000000000000   0.2266273523768682

	Stderr:

Travessed blocks:

Teste Case # 16 15
Label:	
	ENABLED
	Exec. Time (CPU): 10
	Exec. Time (total): 10
	Return Code: 1
	Parameters: - 1 1 0 4 
	Input Size: 0
	Output Size: 42
	Stderr Size: 0
	Input:

	Output:
  0.8413447460685430   0.5987063256829237

	Stderr:

Travessed blocks:

Teste Case # 17 16
Label:	
	ENABLED
	Exec. Time (CPU): 10
	Exec. Time (total): 10
	Return Code: 1
	Parameters: - 1 1 -3 4 
	Input Size: 0
	Output Size: 42
	Stderr Size: 0
	Input:

	Output:
  0.8413447460685430   0.8413447460685430

	Stderr:

Travessed blocks:

Teste Case # 18 17
Label:	
	ENABLED
	Exec. Time (CPU): 10
	Exec. Time (total): 10
	Return Code: 1
	Parameters: - 1 1 3 0 
	Input Size: 0
	Output Size: 42
	Stderr Size: 0
	Input:

	Output:
  0.8413447460685430   0.0000000000000000

	Stderr:

Travessed blocks:

Teste Case # 19 18
Label:	
	ENABLED
	Exec. Time (CPU): 10
	Exec. Time (total): 10
	Return Code: 1
	Parameters: - 1 1 3 -4 
	Input Size: 0
	Output Size: 42
	Stderr Size: 0
	Input:

	Output:
  0.8413447460685430   0.6914624612740130

	Stderr:

Travessed blocks:

Teste Case # 20 19
Label:	
	ENABLED
	Exec. Time (CPU): 10
	Exec. Time (total): 10
	Return Code: 1
	Parameters: - 3 1 0.1 0 0 
	Input Size: 0
	Output Size: 63
	Stderr Size: 0
	Input:

	Output:
  0.8413447460685430   0.0000000000000000   0.0000000000000000

	Stderr:

Travessed blocks:
