
[][][][][][][][][][][][][][][][][][][][][][][][][][][][][][]
[]
[]                  PROGRAM TESTE: S_Heap
[]----------------------------------------------------------
[]   SOURCE FILE: Heap
[]
[]   TOTAL MUTANTS: 1079
[]
[]   ANOMALOUS MUTANTS: 0
[]
[]   ACTIVE MUTANTS: 55
[]
[]   ALIVE MUTANTS: 0
[]
[]   EQUIVALENT MUTANTS: 0
[]
[]   MUTATION SCORE: 1.000000
[]
[]   OPERATORS:
[]   u-Cccr             20    u-CCDL             15    u-Ccsr             55    
[]   u-CRCR            155    u-OAAN             44    u-OABN             33    
[]   u-OALN             22    u-OARN             66    u-OASN             22    
[]   u-OCNG             10    u-OEAA             25    u-OEBA             15    
[]   u-OESA             10    u-Oido              6    u-OLAN              5    
[]   u-OLBN              3    u-OLLN              1    u-OLNG              3    
[]   u-OLRN              6    u-OLSN              2    u-OODL             41    
[]   u-ORAN             40    u-ORBN             24    u-ORLN             16    
[]   u-ORRN             40    u-ORSN             16    u-SBRC              1    
[]   u-SMTC              5    u-SMTT              5    u-SMVB              3    
[]   u-SRSR             45    u-SSDL             38    u-STRI             10    
[]   u-STRP             38    u-SWDD              2    u-VDTR             93    
[]   u-VLPR              6    u-VLSR             56    u-VTWD             62    
[]   u-VVDL             20    
[]
[][][][][][][][][][][][][][][][][][][][][][][][][][][][][][]

Teste Case # 1
	Number of Dead Mutants: 337
_________________________________________________


Teste Case # 2
	Number of Dead Mutants: 858
_________________________________________________


Teste Case # 3
	Number of Dead Mutants: 783
_________________________________________________


Teste Case # 4
	Number of Dead Mutants: 880
_________________________________________________


Teste Case # 5
	Number of Dead Mutants: 84
_________________________________________________


Teste Case # 6
	Number of Dead Mutants: 644
_________________________________________________


Teste Case # 7
	Number of Dead Mutants: 560
_________________________________________________
