
[][][][][][][][][][][][][][][][][][][][][][][][][][][][][][]
[]
[]                  PROGRAM TESTE: S_RecursiveSelectionSort
[]----------------------------------------------------------
[]   SOURCE FILE: RecursiveSelectionSort
[]
[]   TOTAL MUTANTS: 555
[]
[]   ANOMALOUS MUTANTS: 0
[]
[]   ACTIVE MUTANTS: 555
[]
[]   ALIVE MUTANTS: 555
[]
[]   EQUIVALENT MUTANTS: 0
[]
[]   MUTATION SCORE: 0.000000
[]
[]   OPERATORS:
[]   u-CCDL              2    u-Ccsr             17    u-CRCR            113    
[]   u-OAAN              8    u-OABN              6    u-OALN              4    
[]   u-OARN             12    u-OASN              4    u-OCNG              3    
[]   u-OEAA             31    u-OEBA              9    u-OESA              6    
[]   u-Oido              1    u-OODL             10    u-ORAN             14    
[]   u-ORBN              6    u-ORLN              6    u-ORRN             15    
[]   u-ORSN              4    u-SMTC              1    u-SMTT              1    
[]   u-SMVB              1    u-SRSR             14    u-SSDL             14    
[]   u-STRI              4    u-STRP             14    u-VDTR             63    
[]   u-VLSR            122    u-VTWD             42    u-VVDL              8    
[]
[][][][][][][][][][][][][][][][][][][][][][][][][][][][][][]