
[][][][][][][][][][][][][][][][][][][][][][][][][][][][][][]
[]
[]                  PROGRAM TESTE: S_Calculation
[]----------------------------------------------------------
[]   SOURCE FILE: Calculation
[]
[]   TOTAL MUTANTS: 1118
[]
[]   ANOMALOUS MUTANTS: 0
[]
[]   ACTIVE MUTANTS: 1118
[]
[]   ALIVE MUTANTS: 669
[]
[]   EQUIVALENT MUTANTS: 106
[]
[]   MUTATION SCORE: 0.338933
[]
[]   OPERATORS:
[]   u-Cccr             15    u-CCDL              9    u-Ccsr             50    
[]   u-CRCR            165    u-OAAA             16    u-OAAN              4    
[]   u-OABA             12    u-OABN              3    u-OAEA              4    
[]   u-OALN              2    u-OARN              6    u-OASA              8    
[]   u-OASN              2    u-OCNG              9    u-OEAA             30    
[]   u-OEBA             18    u-OESA             12    u-Oido              2    
[]   u-OLAN             15    u-OLBN              9    u-OLLN              3    
[]   u-OLNG              9    u-OLRN             18    u-OLSN              6    
[]   u-OODL             38    u-ORAN             60    u-ORBN             36    
[]   u-ORLN             24    u-ORRN             60    u-ORSN             24    
[]   u-SMTC              3    u-SMTT              3    u-SMVB              3    
[]   u-SRSR             50    u-SSDL             36    u-STRI             10    
[]   u-STRP             36    u-SWDD              1    u-VDTR             99    
[]   u-VLSR            130    u-VTWD             66    u-VVDL             12    
[]
[][][][][][][][][][][][][][][][][][][][][][][][][][][][][][]

Teste Case # 1
	Number of Dead Mutants: 155
_________________________________________________


Teste Case # 2
	Number of Dead Mutants: 355
_________________________________________________


Teste Case # 3
	Number of Dead Mutants: 499
_________________________________________________


Teste Case # 4
	Number of Dead Mutants: 315
_________________________________________________


Teste Case # 5
	Number of Dead Mutants: 425
_________________________________________________


Teste Case # 6
	Number of Dead Mutants: 382
_________________________________________________


Teste Case # 7
	Number of Dead Mutants: 390
_________________________________________________


Teste Case # 8
	Number of Dead Mutants: 373
_________________________________________________


Teste Case # 9
	Number of Dead Mutants: 320
_________________________________________________


Teste Case # 10
	Number of Dead Mutants: 188
_________________________________________________


Teste Case # 11
	Number of Dead Mutants: 287
_________________________________________________


Teste Case # 12
	Number of Dead Mutants: 176
_________________________________________________
