
Teste Case # 1 0
Label:	
	ENABLED
	Exec. Time (CPU): 10
	Exec. Time (total): 10
	Return Code: 0
	Parameters: 
	Input Size: 0
	Output Size: 138
	Stderr Size: 0
	Input:

	Output:
   February 2024
 S  M Tu  W Th  F  S
             1  2  3
 4  5  6  7  8  9 10
11 12 13 14 15 16 17
18 19 20 21 22 23 24
25 26 27 28 29


	Stderr:

Travessed blocks:

Teste Case # 2 1
Label:	
	ENABLED
	Exec. Time (CPU): 10
	Exec. Time (total): 10
	Return Code: 2
	Parameters: abc 
	Input Size: 0
	Output Size: 0
	Stderr Size: 20
	Input:

	Output:

	Stderr:
cal: abc: Bad year.

Travessed blocks:

Teste Case # 3 2
Label:	
	ENABLED
	Exec. Time (CPU): 10
	Exec. Time (total): 10
	Return Code: 2
	Parameters: 3 abc 
	Input Size: 0
	Output Size: 0
	Stderr Size: 20
	Input:

	Output:

	Stderr:
cal: abc: Bad year.

Travessed blocks:

Teste Case # 4 3
Label:	
	ENABLED
	Exec. Time (CPU): 10
	Exec. Time (total): 10
	Return Code: 1
	Parameters: abc 3 
	Input Size: 0
	Output Size: 0
	Stderr Size: 21
	Input:

	Output:

	Stderr:
cal: abc: Bad month.

Travessed blocks:

Teste Case # 5 4
Label:	
	ENABLED
	Exec. Time (CPU): 10
	Exec. Time (total): 10
	Return Code: 0
	Parameters: 9 1752 
	Input Size: 0
	Output Size: 105
	Stderr Size: 0
	Input:

	Output:
   September 1752
 S  M Tu  W Th  F  S
       1  2 14 15 16
17 18 19 20 21 22 23
24 25 26 27 28 29 30




	Stderr:

Travessed blocks:

Teste Case # 6 5
Label:	
	ENABLED
	Exec. Time (CPU): 10
	Exec. Time (total): 10
	Return Code: 0
	Parameters: 1752 
	Input Size: 0
	Output Size: 1755
	Stderr Size: 0
	Input:

	Output:



				1752

	 Jan			Feb		       Mar
 S  M Tu  W Th  F  S    S  M Tu  W Th  F  S    S  M Tu  W Th  F  S
          1  2  3  4                      1    1  2  3  4  5  6  7
 5  6  7  8  9 10 11    2  3  4  5  6  7  8    8  9 10 11 12 13 14
12 13 14 15 16 17 18    9 10 11 12 13 14 15   15 16 17 18 19 20 21
19 20 21 22 23 24 25   16 17 18 19 20 21 22   22 23 24 25 26 27 28
26 27 28 29 30 31      23 24 25 26 27 28 29   29 30 31

	 Apr			May		       Jun
 S  M Tu  W Th  F  S    S  M Tu  W Th  F  S    S  M Tu  W Th  F  S
          1  2  3  4                   1  2       1  2  3  4  5  6
 5  6  7  8  9 10 11    3  4  5  6  7  8  9    7  8  9 10 11 12 13
12 13 14 15 16 17 18   10 11 12 13 14 15 16   14 15 16 17 18 19 20
19 20 21 22 23 24 25   17 18 19 20 21 22 23   21 22 23 24 25 26 27
26 27 28 29 30         24 25 26 27 28 29 30   28 29 30
                       31
	 Jul			Aug		       Sep
 S  M Tu  W Th  F  S    S  M Tu  W Th  F  S    S  M Tu  W Th  F  S
          1  2  3  4                      1          1  2 14 15 16
 5  6  7  8  9 10 11    2  3  4  5  6  7  8   17 18 19 20 21 22 23
12 13 14 15 16 17 18    9 10 11 12 13 14 15   24 25 26 27 28 29 30
19 20 21 22 23 24 25   16 17 18 19 20 21 22
26 27 28 29 30 31      23 24 25 26 27 28 29
                       30 31
	 Oct			Nov		       Dec
 S  M Tu  W Th  F  S    S  M Tu  W Th  F  S    S  M Tu  W Th  F  S
 1  2  3  4  5  6  7             1  2  3  4                   1  2
 8  9 10 11 12 13 14    5  6  7  8  9 10 11    3  4  5  6  7  8  9
15 16 17 18 19 20 21   12 13 14 15 16 17 18   10 11 12 13 14 15 16
22 23 24 25 26 27 28   19 20 21 22 23 24 25   17 18 19 20 21 22 23
29 30 31               26 27 28 29 30         24 25 26 27 28 29 30
                                              31




	Stderr:

Travessed blocks:

Teste Case # 7 6
Label:	
	ENABLED
	Exec. Time (CPU): 11
	Exec. Time (total): 11
	Return Code: 1
	Parameters: 13 1963 
	Input Size: 0
	Output Size: 0
	Stderr Size: 20
	Input:

	Output:

	Stderr:
cal: 13: Bad month.

Travessed blocks:

Teste Case # 8 7
Label:	
	ENABLED
	Exec. Time (CPU): 10
	Exec. Time (total): 10
	Return Code: 0
	Parameters: 8 1 
	Input Size: 0
	Output Size: 130
	Stderr Size: 0
	Input:

	Output:
   August 1
 S  M Tu  W Th  F  S
    1  2  3  4  5  6
 7  8  9 10 11 12 13
14 15 16 17 18 19 20
21 22 23 24 25 26 27
28 29 30 31


	Stderr:

Travessed blocks:

Teste Case # 9 8
Label:	
	ENABLED
	Exec. Time (CPU): 11
	Exec. Time (total): 10
	Return Code: 0
	Parameters: 1 
	Input Size: 0
	Output Size: 1718
	Stderr Size: 0
	Input:

	Output:



				1

	 Jan			Feb		       Mar
 S  M Tu  W Th  F  S    S  M Tu  W Th  F  S    S  M Tu  W Th  F  S
                   1          1  2  3  4  5          1  2  3  4  5
 2  3  4  5  6  7  8    6  7  8  9 10 11 12    6  7  8  9 10 11 12
 9 10 11 12 13 14 15   13 14 15 16 17 18 19   13 14 15 16 17 18 19
16 17 18 19 20 21 22   20 21 22 23 24 25 26   20 21 22 23 24 25 26
23 24 25 26 27 28 29   27 28                  27 28 29 30 31
30 31
	 Apr			May		       Jun
 S  M Tu  W Th  F  S    S  M Tu  W Th  F  S    S  M Tu  W Th  F  S
                1  2    1  2  3  4  5  6  7             1  2  3  4
 3  4  5  6  7  8  9    8  9 10 11 12 13 14    5  6  7  8  9 10 11
10 11 12 13 14 15 16   15 16 17 18 19 20 21   12 13 14 15 16 17 18
17 18 19 20 21 22 23   22 23 24 25 26 27 28   19 20 21 22 23 24 25
24 25 26 27 28 29 30   29 30 31               26 27 28 29 30

	 Jul			Aug		       Sep
 S  M Tu  W Th  F  S    S  M Tu  W Th  F  S    S  M Tu  W Th  F  S
                1  2       1  2  3  4  5  6                1  2  3
 3  4  5  6  7  8  9    7  8  9 10 11 12 13    4  5  6  7  8  9 10
10 11 12 13 14 15 16   14 15 16 17 18 19 20   11 12 13 14 15 16 17
17 18 19 20 21 22 23   21 22 23 24 25 26 27   18 19 20 21 22 23 24
24 25 26 27 28 29 30   28 29 30 31            25 26 27 28 29 30
31
	 Oct			Nov		       Dec
 S  M Tu  W Th  F  S    S  M Tu  W Th  F  S    S  M Tu  W Th  F  S
                   1          1  2  3  4  5                1  2  3
 2  3  4  5  6  7  8    6  7  8  9 10 11 12    4  5  6  7  8  9 10
 9 10 11 12 13 14 15   13 14 15 16 17 18 19   11 12 13 14 15 16 17
16 17 18 19 20 21 22   20 21 22 23 24 25 26   18 19 20 21 22 23 24
23 24 25 26 27 28 29   27 28 29 30            25 26 27 28 29 30 31
30 31




	Stderr:

Travessed blocks:

Teste Case # 10 9
Label:	
	ENABLED
	Exec. Time (CPU): 11
	Exec. Time (total): 10
	Return Code: 1
	Parameters: -12 1963 
	Input Size: 0
	Output Size: 0
	Stderr Size: 21
	Input:

	Output:

	Stderr:
cal: -12: Bad month.

Travessed blocks:

Teste Case # 11 10
Label:	
	ENABLED
	Exec. Time (CPU): 11
	Exec. Time (total): 11
	Return Code: 0
	Parameters: 12 1963 
	Input Size: 0
	Output Size: 132
	Stderr Size: 0
	Input:

	Output:
   December 1963
 S  M Tu  W Th  F  S
 1  2  3  4  5  6  7
 8  9 10 11 12 13 14
15 16 17 18 19 20 21
22 23 24 25 26 27 28
29 30 31


	Stderr:

Travessed blocks:

Teste Case # 12 11
Label:	
	ENABLED
	Exec. Time (CPU): 11
	Exec. Time (total): 11
	Return Code: 0
	Parameters: 8 9999 
	Input Size: 0
	Output Size: 130
	Stderr Size: 0
	Input:

	Output:
   August 9999
 S  M Tu  W Th  F  S
 1  2  3  4  5  6  7
 8  9 10 11 12 13 14
15 16 17 18 19 20 21
22 23 24 25 26 27 28
29 30 31


	Stderr:

Travessed blocks:

Teste Case # 13 12
Label:	
	ENABLED
	Exec. Time (CPU): 10
	Exec. Time (total): 10
	Return Code: 0
	Parameters: 9999 
	Input Size: 0
	Output Size: 1729
	Stderr Size: 0
	Input:

	Output:



				9999

	 Jan			Feb		       Mar
 S  M Tu  W Th  F  S    S  M Tu  W Th  F  S    S  M Tu  W Th  F  S
                1  2       1  2  3  4  5  6       1  2  3  4  5  6
 3  4  5  6  7  8  9    7  8  9 10 11 12 13    7  8  9 10 11 12 13
10 11 12 13 14 15 16   14 15 16 17 18 19 20   14 15 16 17 18 19 20
17 18 19 20 21 22 23   21 22 23 24 25 26 27   21 22 23 24 25 26 27
24 25 26 27 28 29 30   28                     28 29 30 31
31
	 Apr			May		       Jun
 S  M Tu  W Th  F  S    S  M Tu  W Th  F  S    S  M Tu  W Th  F  S
             1  2  3                      1          1  2  3  4  5
 4  5  6  7  8  9 10    2  3  4  5  6  7  8    6  7  8  9 10 11 12
11 12 13 14 15 16 17    9 10 11 12 13 14 15   13 14 15 16 17 18 19
18 19 20 21 22 23 24   16 17 18 19 20 21 22   20 21 22 23 24 25 26
25 26 27 28 29 30      23 24 25 26 27 28 29   27 28 29 30
                       30 31
	 Jul			Aug		       Sep
 S  M Tu  W Th  F  S    S  M Tu  W Th  F  S    S  M Tu  W Th  F  S
             1  2  3    1  2  3  4  5  6  7             1  2  3  4
 4  5  6  7  8  9 10    8  9 10 11 12 13 14    5  6  7  8  9 10 11
11 12 13 14 15 16 17   15 16 17 18 19 20 21   12 13 14 15 16 17 18
18 19 20 21 22 23 24   22 23 24 25 26 27 28   19 20 21 22 23 24 25
25 26 27 28 29 30 31   29 30 31               26 27 28 29 30

	 Oct			Nov		       Dec
 S  M Tu  W Th  F  S    S  M Tu  W Th  F  S    S  M Tu  W Th  F  S
                1  2       1  2  3  4  5  6             1  2  3  4
 3  4  5  6  7  8  9    7  8  9 10 11 12 13    5  6  7  8  9 10 11
10 11 12 13 14 15 16   14 15 16 17 18 19 20   12 13 14 15 16 17 18
17 18 19 20 21 22 23   21 22 23 24 25 26 27   19 20 21 22 23 24 25
24 25 26 27 28 29 30   28 29 30               26 27 28 29 30 31
31




	Stderr:

Travessed blocks:

Teste Case # 14 13
Label:	
	ENABLED
	Exec. Time (CPU): 10
	Exec. Time (total): 11
	Return Code: 2
	Parameters: 8 10000 
	Input Size: 0
	Output Size: 0
	Stderr Size: 22
	Input:

	Output:

	Stderr:
cal: 10000: Bad year.

Travessed blocks:

Teste Case # 15 14
Label:	
	ENABLED
	Exec. Time (CPU): 10
	Exec. Time (total): 11
	Return Code: 2
	Parameters: 10000 
	Input Size: 0
	Output Size: 0
	Stderr Size: 22
	Input:

	Output:

	Stderr:
cal: 10000: Bad year.

Travessed blocks:

Teste Case # 16 15
Label:	
	ENABLED
	Exec. Time (CPU): 10
	Exec. Time (total): 10
	Return Code: 0
	Parameters: 7 6305 
	Input Size: 0
	Output Size: 145
	Stderr Size: 0
	Input:

	Output:
   July 6305
 S  M Tu  W Th  F  S
                   1
 2  3  4  5  6  7  8
 9 10 11 12 13 14 15
16 17 18 19 20 21 22
23 24 25 26 27 28 29
30 31

	Stderr:

Travessed blocks:

Teste Case # 17 16
Label:	
	ENABLED
	Exec. Time (CPU): 10
	Exec. Time (total): 11
	Return Code: 0
	Parameters: 3 4388 
	Input Size: 0
	Output Size: 135
	Stderr Size: 0
	Input:

	Output:
   March 4388
 S  M Tu  W Th  F  S
       1  2  3  4  5
 6  7  8  9 10 11 12
13 14 15 16 17 18 19
20 21 22 23 24 25 26
27 28 29 30 31


	Stderr:

Travessed blocks:

Teste Case # 18 17
Label:	
	ENABLED
	Exec. Time (CPU): 10
	Exec. Time (total): 11
	Return Code: 0
	Parameters: 8399 
	Input Size: 0
	Output Size: 1729
	Stderr Size: 0
	Input:

	Output:



				8399

	 Jan			Feb		       Mar
 S  M Tu  W Th  F  S    S  M Tu  W Th  F  S    S  M Tu  W Th  F  S
                1  2       1  2  3  4  5  6       1  2  3  4  5  6
 3  4  5  6  7  8  9    7  8  9 10 11 12 13    7  8  9 10 11 12 13
10 11 12 13 14 15 16   14 15 16 17 18 19 20   14 15 16 17 18 19 20
17 18 19 20 21 22 23   21 22 23 24 25 26 27   21 22 23 24 25 26 27
24 25 26 27 28 29 30   28                     28 29 30 31
31
	 Apr			May		       Jun
 S  M Tu  W Th  F  S    S  M Tu  W Th  F  S    S  M Tu  W Th  F  S
             1  2  3                      1          1  2  3  4  5
 4  5  6  7  8  9 10    2  3  4  5  6  7  8    6  7  8  9 10 11 12
11 12 13 14 15 16 17    9 10 11 12 13 14 15   13 14 15 16 17 18 19
18 19 20 21 22 23 24   16 17 18 19 20 21 22   20 21 22 23 24 25 26
25 26 27 28 29 30      23 24 25 26 27 28 29   27 28 29 30
                       30 31
	 Jul			Aug		       Sep
 S  M Tu  W Th  F  S    S  M Tu  W Th  F  S    S  M Tu  W Th  F  S
             1  2  3    1  2  3  4  5  6  7             1  2  3  4
 4  5  6  7  8  9 10    8  9 10 11 12 13 14    5  6  7  8  9 10 11
11 12 13 14 15 16 17   15 16 17 18 19 20 21   12 13 14 15 16 17 18
18 19 20 21 22 23 24   22 23 24 25 26 27 28   19 20 21 22 23 24 25
25 26 27 28 29 30 31   29 30 31               26 27 28 29 30

	 Oct			Nov		       Dec
 S  M Tu  W Th  F  S    S  M Tu  W Th  F  S    S  M Tu  W Th  F  S
                1  2       1  2  3  4  5  6             1  2  3  4
 3  4  5  6  7  8  9    7  8  9 10 11 12 13    5  6  7  8  9 10 11
10 11 12 13 14 15 16   14 15 16 17 18 19 20   12 13 14 15 16 17 18
17 18 19 20 21 22 23   21 22 23 24 25 26 27   19 20 21 22 23 24 25
24 25 26 27 28 29 30   28 29 30               26 27 28 29 30 31
31




	Stderr:

Travessed blocks:

Teste Case # 19 18
Label:	
	ENABLED
	Exec. Time (CPU): 10
	Exec. Time (total): 10
	Return Code: 0
	Parameters: 1 107 
	Input Size: 0
	Output Size: 144
	Stderr Size: 0
	Input:

	Output:
   January 107
 S  M Tu  W Th  F  S
                1  2
 3  4  5  6  7  8  9
10 11 12 13 14 15 16
17 18 19 20 21 22 23
24 25 26 27 28 29 30
31

	Stderr:

Travessed blocks:

Teste Case # 20 19
Label:	
	ENABLED
	Exec. Time (CPU): 10
	Exec. Time (total): 10
	Return Code: 0
	Parameters: 9811 
	Input Size: 0
	Output Size: 1793
	Stderr Size: 0
	Input:

	Output:



				9811

	 Jan			Feb		       Mar
 S  M Tu  W Th  F  S    S  M Tu  W Th  F  S    S  M Tu  W Th  F  S
       1  2  3  4  5                   1  2                   1  2
 6  7  8  9 10 11 12    3  4  5  6  7  8  9    3  4  5  6  7  8  9
13 14 15 16 17 18 19   10 11 12 13 14 15 16   10 11 12 13 14 15 16
20 21 22 23 24 25 26   17 18 19 20 21 22 23   17 18 19 20 21 22 23
27 28 29 30 31         24 25 26 27 28         24 25 26 27 28 29 30
                                              31
	 Apr			May		       Jun
 S  M Tu  W Th  F  S    S  M Tu  W Th  F  S    S  M Tu  W Th  F  S
    1  2  3  4  5  6             1  2  3  4                      1
 7  8  9 10 11 12 13    5  6  7  8  9 10 11    2  3  4  5  6  7  8
14 15 16 17 18 19 20   12 13 14 15 16 17 18    9 10 11 12 13 14 15
21 22 23 24 25 26 27   19 20 21 22 23 24 25   16 17 18 19 20 21 22
28 29 30               26 27 28 29 30 31      23 24 25 26 27 28 29
                                              30
	 Jul			Aug		       Sep
 S  M Tu  W Th  F  S    S  M Tu  W Th  F  S    S  M Tu  W Th  F  S
    1  2  3  4  5  6                1  2  3    1  2  3  4  5  6  7
 7  8  9 10 11 12 13    4  5  6  7  8  9 10    8  9 10 11 12 13 14
14 15 16 17 18 19 20   11 12 13 14 15 16 17   15 16 17 18 19 20 21
21 22 23 24 25 26 27   18 19 20 21 22 23 24   22 23 24 25 26 27 28
28 29 30 31            25 26 27 28 29 30 31   29 30

	 Oct			Nov		       Dec
 S  M Tu  W Th  F  S    S  M Tu  W Th  F  S    S  M Tu  W Th  F  S
       1  2  3  4  5                   1  2    1  2  3  4  5  6  7
 6  7  8  9 10 11 12    3  4  5  6  7  8  9    8  9 10 11 12 13 14
13 14 15 16 17 18 19   10 11 12 13 14 15 16   15 16 17 18 19 20 21
20 21 22 23 24 25 26   17 18 19 20 21 22 23   22 23 24 25 26 27 28
27 28 29 30 31         24 25 26 27 28 29 30   29 30 31





	Stderr:

Travessed blocks:

Teste Case # 21 20
Label:	
	ENABLED
	Exec. Time (CPU): 10
	Exec. Time (total): 11
	Return Code: 0
	Parameters: 3 5964 
	Input Size: 0
	Output Size: 129
	Stderr Size: 0
	Input:

	Output:
   March 5964
 S  M Tu  W Th  F  S
 1  2  3  4  5  6  7
 8  9 10 11 12 13 14
15 16 17 18 19 20 21
22 23 24 25 26 27 28
29 30 31


	Stderr:

Travessed blocks:

Teste Case # 22 21
Label:	
	ENABLED
	Exec. Time (CPU): 10
	Exec. Time (total): 11
	Return Code: 0
	Parameters: 5095 
	Input Size: 0
	Output Size: 1793
	Stderr Size: 0
	Input:

	Output:



				5095

	 Jan			Feb		       Mar
 S  M Tu  W Th  F  S    S  M Tu  W Th  F  S    S  M Tu  W Th  F  S
       1  2  3  4  5                   1  2                   1  2
 6  7  8  9 10 11 12    3  4  5  6  7  8  9    3  4  5  6  7  8  9
13 14 15 16 17 18 19   10 11 12 13 14 15 16   10 11 12 13 14 15 16
20 21 22 23 24 25 26   17 18 19 20 21 22 23   17 18 19 20 21 22 23
27 28 29 30 31         24 25 26 27 28         24 25 26 27 28 29 30
                                              31
	 Apr			May		       Jun
 S  M Tu  W Th  F  S    S  M Tu  W Th  F  S    S  M Tu  W Th  F  S
    1  2  3  4  5  6             1  2  3  4                      1
 7  8  9 10 11 12 13    5  6  7  8  9 10 11    2  3  4  5  6  7  8
14 15 16 17 18 19 20   12 13 14 15 16 17 18    9 10 11 12 13 14 15
21 22 23 24 25 26 27   19 20 21 22 23 24 25   16 17 18 19 20 21 22
28 29 30               26 27 28 29 30 31      23 24 25 26 27 28 29
                                              30
	 Jul			Aug		       Sep
 S  M Tu  W Th  F  S    S  M Tu  W Th  F  S    S  M Tu  W Th  F  S
    1  2  3  4  5  6                1  2  3    1  2  3  4  5  6  7
 7  8  9 10 11 12 13    4  5  6  7  8  9 10    8  9 10 11 12 13 14
14 15 16 17 18 19 20   11 12 13 14 15 16 17   15 16 17 18 19 20 21
21 22 23 24 25 26 27   18 19 20 21 22 23 24   22 23 24 25 26 27 28
28 29 30 31            25 26 27 28 29 30 31   29 30

	 Oct			Nov		       Dec
 S  M Tu  W Th  F  S    S  M Tu  W Th  F  S    S  M Tu  W Th  F  S
       1  2  3  4  5                   1  2    1  2  3  4  5  6  7
 6  7  8  9 10 11 12    3  4  5  6  7  8  9    8  9 10 11 12 13 14
13 14 15 16 17 18 19   10 11 12 13 14 15 16   15 16 17 18 19 20 21
20 21 22 23 24 25 26   17 18 19 20 21 22 23   22 23 24 25 26 27 28
27 28 29 30 31         24 25 26 27 28 29 30   29 30 31





	Stderr:

Travessed blocks:

Teste Case # 23 22
Label:	
	ENABLED
	Exec. Time (CPU): 10
	Exec. Time (total): 10
	Return Code: 0
	Parameters: 5690 
	Input Size: 0
	Output Size: 1773
	Stderr Size: 0
	Input:

	Output:



				5690

	 Jan			Feb		       Mar
 S  M Tu  W Th  F  S    S  M Tu  W Th  F  S    S  M Tu  W Th  F  S
 1  2  3  4  5  6  7             1  2  3  4             1  2  3  4
 8  9 10 11 12 13 14    5  6  7  8  9 10 11    5  6  7  8  9 10 11
15 16 17 18 19 20 21   12 13 14 15 16 17 18   12 13 14 15 16 17 18
22 23 24 25 26 27 28   19 20 21 22 23 24 25   19 20 21 22 23 24 25
29 30 31               26 27 28               26 27 28 29 30 31

	 Apr			May		       Jun
 S  M Tu  W Th  F  S    S  M Tu  W Th  F  S    S  M Tu  W Th  F  S
                   1       1  2  3  4  5  6                1  2  3
 2  3  4  5  6  7  8    7  8  9 10 11 12 13    4  5  6  7  8  9 10
 9 10 11 12 13 14 15   14 15 16 17 18 19 20   11 12 13 14 15 16 17
16 17 18 19 20 21 22   21 22 23 24 25 26 27   18 19 20 21 22 23 24
23 24 25 26 27 28 29   28 29 30 31            25 26 27 28 29 30
30
	 Jul			Aug		       Sep
 S  M Tu  W Th  F  S    S  M Tu  W Th  F  S    S  M Tu  W Th  F  S
                   1          1  2  3  4  5                   1  2
 2  3  4  5  6  7  8    6  7  8  9 10 11 12    3  4  5  6  7  8  9
 9 10 11 12 13 14 15   13 14 15 16 17 18 19   10 11 12 13 14 15 16
16 17 18 19 20 21 22   20 21 22 23 24 25 26   17 18 19 20 21 22 23
23 24 25 26 27 28 29   27 28 29 30 31         24 25 26 27 28 29 30
30 31
	 Oct			Nov		       Dec
 S  M Tu  W Th  F  S    S  M Tu  W Th  F  S    S  M Tu  W Th  F  S
 1  2  3  4  5  6  7             1  2  3  4                   1  2
 8  9 10 11 12 13 14    5  6  7  8  9 10 11    3  4  5  6  7  8  9
15 16 17 18 19 20 21   12 13 14 15 16 17 18   10 11 12 13 14 15 16
22 23 24 25 26 27 28   19 20 21 22 23 24 25   17 18 19 20 21 22 23
29 30 31               26 27 28 29 30         24 25 26 27 28 29 30
                                              31




	Stderr:

Travessed blocks:

Teste Case # 24 23
Label:	
	ENABLED
	Exec. Time (CPU): 10
	Exec. Time (total): 10
	Return Code: 0
	Parameters: 1324 
	Input Size: 0
	Output Size: 1823
	Stderr Size: 0
	Input:

	Output:



				1324

	 Jan			Feb		       Mar
 S  M Tu  W Th  F  S    S  M Tu  W Th  F  S    S  M Tu  W Th  F  S
 1  2  3  4  5  6  7             1  2  3  4                1  2  3
 8  9 10 11 12 13 14    5  6  7  8  9 10 11    4  5  6  7  8  9 10
15 16 17 18 19 20 21   12 13 14 15 16 17 18   11 12 13 14 15 16 17
22 23 24 25 26 27 28   19 20 21 22 23 24 25   18 19 20 21 22 23 24
29 30 31               26 27 28 29            25 26 27 28 29 30 31

	 Apr			May		       Jun
 S  M Tu  W Th  F  S    S  M Tu  W Th  F  S    S  M Tu  W Th  F  S
 1  2  3  4  5  6  7          1  2  3  4  5                   1  2
 8  9 10 11 12 13 14    6  7  8  9 10 11 12    3  4  5  6  7  8  9
15 16 17 18 19 20 21   13 14 15 16 17 18 19   10 11 12 13 14 15 16
22 23 24 25 26 27 28   20 21 22 23 24 25 26   17 18 19 20 21 22 23
29 30                  27 28 29 30 31         24 25 26 27 28 29 30

	 Jul			Aug		       Sep
 S  M Tu  W Th  F  S    S  M Tu  W Th  F  S    S  M Tu  W Th  F  S
 1  2  3  4  5  6  7             1  2  3  4                      1
 8  9 10 11 12 13 14    5  6  7  8  9 10 11    2  3  4  5  6  7  8
15 16 17 18 19 20 21   12 13 14 15 16 17 18    9 10 11 12 13 14 15
22 23 24 25 26 27 28   19 20 21 22 23 24 25   16 17 18 19 20 21 22
29 30 31               26 27 28 29 30 31      23 24 25 26 27 28 29
                                              30
	 Oct			Nov		       Dec
 S  M Tu  W Th  F  S    S  M Tu  W Th  F  S    S  M Tu  W Th  F  S
    1  2  3  4  5  6                1  2  3                      1
 7  8  9 10 11 12 13    4  5  6  7  8  9 10    2  3  4  5  6  7  8
14 15 16 17 18 19 20   11 12 13 14 15 16 17    9 10 11 12 13 14 15
21 22 23 24 25 26 27   18 19 20 21 22 23 24   16 17 18 19 20 21 22
28 29 30 31            25 26 27 28 29 30      23 24 25 26 27 28 29
                                              30 31




	Stderr:

Travessed blocks:

Teste Case # 25 24
Label:	
	ENABLED
	Exec. Time (CPU): 10
	Exec. Time (total): 10
	Return Code: 2
	Parameters: -226480543 
	Input Size: 0
	Output Size: 0
	Stderr Size: 27
	Input:

	Output:

	Stderr:
cal: -226480543: Bad year.

Travessed blocks:

Teste Case # 26 25
Label:	
	ENABLED
	Exec. Time (CPU): 10
	Exec. Time (total): 10
	Return Code: 2
	Parameters: 8 -1321484458 
	Input Size: 0
	Output Size: 0
	Stderr Size: 28
	Input:

	Output:

	Stderr:
cal: -1321484458: Bad year.

Travessed blocks:

Teste Case # 27 26
Label:	
	ENABLED
	Exec. Time (CPU): 10
	Exec. Time (total): 10
	Return Code: 0
	Parameters: 1800 
	Input Size: 0
	Output Size: 1789
	Stderr Size: 0
	Input:

	Output:



				1800

	 Jan			Feb		       Mar
 S  M Tu  W Th  F  S    S  M Tu  W Th  F  S    S  M Tu  W Th  F  S
          1  2  3  4                      1                      1
 5  6  7  8  9 10 11    2  3  4  5  6  7  8    2  3  4  5  6  7  8
12 13 14 15 16 17 18    9 10 11 12 13 14 15    9 10 11 12 13 14 15
19 20 21 22 23 24 25   16 17 18 19 20 21 22   16 17 18 19 20 21 22
26 27 28 29 30 31      23 24 25 26 27 28      23 24 25 26 27 28 29
                                              30 31
	 Apr			May		       Jun
 S  M Tu  W Th  F  S    S  M Tu  W Th  F  S    S  M Tu  W Th  F  S
       1  2  3  4  5                1  2  3    1  2  3  4  5  6  7
 6  7  8  9 10 11 12    4  5  6  7  8  9 10    8  9 10 11 12 13 14
13 14 15 16 17 18 19   11 12 13 14 15 16 17   15 16 17 18 19 20 21
20 21 22 23 24 25 26   18 19 20 21 22 23 24   22 23 24 25 26 27 28
27 28 29 30            25 26 27 28 29 30 31   29 30

	 Jul			Aug		       Sep
 S  M Tu  W Th  F  S    S  M Tu  W Th  F  S    S  M Tu  W Th  F  S
       1  2  3  4  5                   1  2       1  2  3  4  5  6
 6  7  8  9 10 11 12    3  4  5  6  7  8  9    7  8  9 10 11 12 13
13 14 15 16 17 18 19   10 11 12 13 14 15 16   14 15 16 17 18 19 20
20 21 22 23 24 25 26   17 18 19 20 21 22 23   21 22 23 24 25 26 27
27 28 29 30 31         24 25 26 27 28 29 30   28 29 30
                       31
	 Oct			Nov		       Dec
 S  M Tu  W Th  F  S    S  M Tu  W Th  F  S    S  M Tu  W Th  F  S
          1  2  3  4                      1       1  2  3  4  5  6
 5  6  7  8  9 10 11    2  3  4  5  6  7  8    7  8  9 10 11 12 13
12 13 14 15 16 17 18    9 10 11 12 13 14 15   14 15 16 17 18 19 20
19 20 21 22 23 24 25   16 17 18 19 20 21 22   21 22 23 24 25 26 27
26 27 28 29 30 31      23 24 25 26 27 28 29   28 29 30 31
                       30




	Stderr:

Travessed blocks:

Teste Case # 28 27
Label:	
	ENABLED
	Exec. Time (CPU): 10
	Exec. Time (total): 10
	Return Code: 0
	Parameters: 1 1963 
	Input Size: 0
	Output Size: 137
	Stderr Size: 0
	Input:

	Output:
   January 1963
 S  M Tu  W Th  F  S
       1  2  3  4  5
 6  7  8  9 10 11 12
13 14 15 16 17 18 19
20 21 22 23 24 25 26
27 28 29 30 31


	Stderr:

Travessed blocks:
