
[][][][][][][][][][][][][][][][][][][][][][][][][][][][][][]
[]
[]                  PROGRAM TESTE: S_quicksort
[]----------------------------------------------------------
[]   SOURCE FILE: quicksort
[]
[]   TOTAL MUTANTS: 1026
[]
[]   ANOMALOUS MUTANTS: 0
[]
[]   ACTIVE MUTANTS: 5
[]
[]   ALIVE MUTANTS: 0
[]
[]   EQUIVALENT MUTANTS: 0
[]
[]   MUTATION SCORE: 1.000000
[]
[]   OPERATORS:
[]   u-CCDL              2    u-Ccsr             37    u-CRCR            185    
[]   u-OAAN              8    u-OABN              6    u-OALN              4    
[]   u-OARN             12    u-OASN              4    u-OCNG              5    
[]   u-OEAA             45    u-OEBA             27    u-OESA             18    
[]   u-Oido              2    u-OLAN              5    u-OLBN              3    
[]   u-OLLN              1    u-OLNG              3    u-OLRN              6    
[]   u-OLSN              2    u-OODL             18    u-ORAN             30    
[]   u-ORBN             18    u-ORLN             12    u-ORRN             30    
[]   u-ORSN             12    u-SMTC              3    u-SMTT              3    
[]   u-SMVB              1    u-SRSR             22    u-SSDL             22    
[]   u-STRI              4    u-STRP             22    u-SWDD              3    
[]   u-VDTR            111    u-VLSR            252    u-VTWD             74    
[]   u-VVDL             14    
[]
[][][][][][][][][][][][][][][][][][][][][][][][][][][][][][]

Teste Case # 1
	Number of Dead Mutants: 22
_________________________________________________


Teste Case # 2
	Number of Dead Mutants: 20
_________________________________________________


Teste Case # 3
	Number of Dead Mutants: 388
_________________________________________________


Teste Case # 4
	Number of Dead Mutants: 393
_________________________________________________


Teste Case # 5
	Number of Dead Mutants: 445
_________________________________________________


Teste Case # 6
	Number of Dead Mutants: 548
_________________________________________________


Teste Case # 7
	Number of Dead Mutants: 713
_________________________________________________


Teste Case # 8
	Number of Dead Mutants: 875
_________________________________________________


Teste Case # 9
	Number of Dead Mutants: 849
_________________________________________________


Teste Case # 10
	Number of Dead Mutants: 923
_________________________________________________


Teste Case # 11
	Number of Dead Mutants: 858
_________________________________________________


Teste Case # 12
	Number of Dead Mutants: 896
_________________________________________________


Teste Case # 13
	Number of Dead Mutants: 896
_________________________________________________
