
[][][][][][][][][][][][][][][][][][][][][][][][][][][][][][]
[]
[]                  PROGRAM TESTE: S_numZero
[]----------------------------------------------------------
[]   SOURCE FILE: numZero
[]
[]   TOTAL MUTANTS: 151
[]
[]   ANOMALOUS MUTANTS: 0
[]
[]   ACTIVE MUTANTS: 10
[]
[]   ALIVE MUTANTS: 0
[]
[]   EQUIVALENT MUTANTS: 2
[]
[]   MUTATION SCORE: 1.000000
[]
[]   OPERATORS:
[]   u-CCDL              1    u-Ccsr              5    u-CRCR             25    
[]   u-OCNG              2    u-OEAA              5    u-OEBA              3    
[]   u-OESA              2    u-Oido              2    u-OODL              4    
[]   u-ORAN             10    u-ORBN              6    u-ORLN              4    
[]   u-ORRN             10    u-ORSN              4    u-SMTC              1    
[]   u-SMTT              1    u-SRSR              5    u-SSDL              7    
[]   u-STRI              2    u-STRP              7    u-VDTR             15    
[]   u-VLSR             17    u-VTWD             10    u-VVDL              3    
[]
[][][][][][][][][][][][][][][][][][][][][][][][][][][][][][]

Teste Case # 1
	Number of Dead Mutants: 71
_________________________________________________


Teste Case # 2
	Number of Dead Mutants: 114
_________________________________________________


Teste Case # 3
	Number of Dead Mutants: 120
_________________________________________________


Teste Case # 4
	Number of Dead Mutants: 137
_________________________________________________
