
[][][][][][][][][][][][][][][][][][][][][][][][][][][][][][]
[]
[]                  PROGRAM TESTE: S_jday-jdate
[]----------------------------------------------------------
[]   SOURCE FILE: jday-jdate
[]
[]   TOTAL MUTANTS: 2821
[]
[]   ANOMALOUS MUTANTS: 0
[]
[]   ACTIVE MUTANTS: 2821
[]
[]   ALIVE MUTANTS: 2821
[]
[]   EQUIVALENT MUTANTS: 0
[]
[]   MUTATION SCORE: 0.000000
[]
[]   OPERATORS:
[]   u-Cccr            640    u-CCDL             38    u-Ccsr            403    
[]   u-CRCR            140    u-OAAA             20    u-OAAN            176    
[]   u-OABA             15    u-OABN            132    u-OAEA              5    
[]   u-OALN             88    u-OARN            264    u-OASA             10    
[]   u-OASN             88    u-OCNG              2    u-OEAA             85    
[]   u-OEBA             51    u-OESA             34    u-Oido              2    
[]   u-OODL             99    u-ORAN             10    u-ORBN              6    
[]   u-ORLN              4    u-ORRN             10    u-ORSN              4    
[]   u-SRSR             28    u-SSDL             32    u-STRI              4    
[]   u-STRP             32    u-VDTR             84    u-VLSR            235    
[]   u-VTWD             56    u-VVDL             24    
[]
[][][][][][][][][][][][][][][][][][][][][][][][][][][][][][]