
Teste Case # 1 0
Label:	
	ENABLED
	Exec. Time (CPU): 10
	Exec. Time (total): 10
	Return Code: 0
	Parameters: 2456414 
	Input Size: 0
	Output Size: 39
	Stderr Size: 0
	Input:

	Output:
Month: 5 Day: 1 Year: 2013 Week day: 3

	Stderr:

Travessed blocks:

Teste Case # 2 1
Label:	
	ENABLED
	Exec. Time (CPU): 10
	Exec. Time (total): 10
	Return Code: 0
	Parameters: 1 1 1 
	Input Size: 0
	Output Size: 20
	Stderr Size: 0
	Input:

	Output:
Julian day: 1721426

	Stderr:

Travessed blocks:

Teste Case # 3 2
Label:	
	ENABLED
	Exec. Time (CPU): 10
	Exec. Time (total): 11
	Return Code: 0
	Parameters: 0 0 0 
	Input Size: 0
	Output Size: 20
	Stderr Size: 0
	Input:

	Output:
Julian day: 1721029

	Stderr:

Travessed blocks:

Teste Case # 4 3
Label:	
	ENABLED
	Exec. Time (CPU): 10
	Exec. Time (total): 10
	Return Code: 0
	Parameters: 1 0 1 
	Input Size: 0
	Output Size: 20
	Stderr Size: 0
	Input:

	Output:
Julian day: 1721425

	Stderr:

Travessed blocks:

Teste Case # 5 4
Label:	
	ENABLED
	Exec. Time (CPU): 10
	Exec. Time (total): 10
	Return Code: 0
	Parameters: -1 1 1 
	Input Size: 0
	Output Size: 20
	Stderr Size: 0
	Input:

	Output:
Julian day: 1721365

	Stderr:

Travessed blocks:

Teste Case # 6 5
Label:	
	ENABLED
	Exec. Time (CPU): 10
	Exec. Time (total): 10
	Return Code: 0
	Parameters: 1 -1 1 
	Input Size: 0
	Output Size: 20
	Stderr Size: 0
	Input:

	Output:
Julian day: 1721424

	Stderr:

Travessed blocks:

Teste Case # 7 6
Label:	
	ENABLED
	Exec. Time (CPU): 10
	Exec. Time (total): 10
	Return Code: 0
	Parameters: 1 1 -1 
	Input Size: 0
	Output Size: 20
	Stderr Size: 0
	Input:

	Output:
Julian day: 1720696

	Stderr:

Travessed blocks:

Teste Case # 8 7
Label:	
	ENABLED
	Exec. Time (CPU): 10
	Exec. Time (total): 10
	Return Code: 0
	Parameters: 2456415 
	Input Size: 0
	Output Size: 39
	Stderr Size: 0
	Input:

	Output:
Month: 5 Day: 2 Year: 2013 Week day: 4

	Stderr:

Travessed blocks:

Teste Case # 9 8
Label:	
	ENABLED
	Exec. Time (CPU): 10
	Exec. Time (total): 10
	Return Code: 0
	Parameters: 2456416 
	Input Size: 0
	Output Size: 39
	Stderr Size: 0
	Input:

	Output:
Month: 5 Day: 3 Year: 2013 Week day: 5

	Stderr:

Travessed blocks:

Teste Case # 10 9
Label:	
	ENABLED
	Exec. Time (CPU): 10
	Exec. Time (total): 10
	Return Code: 0
	Parameters: 2456417 
	Input Size: 0
	Output Size: 39
	Stderr Size: 0
	Input:

	Output:
Month: 5 Day: 4 Year: 2013 Week day: 6

	Stderr:

Travessed blocks:

Teste Case # 11 10
Label:	
	ENABLED
	Exec. Time (CPU): 10
	Exec. Time (total): 10
	Return Code: 0
	Parameters: 2456418 
	Input Size: 0
	Output Size: 39
	Stderr Size: 0
	Input:

	Output:
Month: 5 Day: 5 Year: 2013 Week day: 0

	Stderr:

Travessed blocks:

Teste Case # 12 11
Label:	
	ENABLED
	Exec. Time (CPU): 10
	Exec. Time (total): 10
	Return Code: 0
	Parameters: 2456410 
	Input Size: 0
	Output Size: 40
	Stderr Size: 0
	Input:

	Output:
Month: 4 Day: 27 Year: 2013 Week day: 6

	Stderr:

Travessed blocks:

Teste Case # 13 12
Label:	
	ENABLED
	Exec. Time (CPU): 10
	Exec. Time (total): 10
	Return Code: 0
	Parameters: 2456413 
	Input Size: 0
	Output Size: 40
	Stderr Size: 0
	Input:

	Output:
Month: 4 Day: 30 Year: 2013 Week day: 2

	Stderr:

Travessed blocks:

Teste Case # 14 13
Label:	
	ENABLED
	Exec. Time (CPU): 10
	Exec. Time (total): 10
	Return Code: 0
	Parameters: 3 15 1963 
	Input Size: 0
	Output Size: 20
	Stderr Size: 0
	Input:

	Output:
Julian day: 2438104

	Stderr:

Travessed blocks:

Teste Case # 15 14
Label:	
	ENABLED
	Exec. Time (CPU): 10
	Exec. Time (total): 10
	Return Code: 0
	Parameters: 7 24 1963 
	Input Size: 0
	Output Size: 20
	Stderr Size: 0
	Input:

	Output:
Julian day: 2438235

	Stderr:

Travessed blocks:

Teste Case # 16 15
Label:	
	ENABLED
	Exec. Time (CPU): 10
	Exec. Time (total): 10
	Return Code: 0
	Parameters: 8 24 1963 
	Input Size: 0
	Output Size: 20
	Stderr Size: 0
	Input:

	Output:
Julian day: 2438266

	Stderr:

Travessed blocks:

Teste Case # 17 16
Label:	
	ENABLED
	Exec. Time (CPU): 10
	Exec. Time (total): 10
	Return Code: 0
	Parameters: 2 3 4 
	Input Size: 0
	Output Size: 20
	Stderr Size: 0
	Input:

	Output:
Julian day: 1722554

	Stderr:

Travessed blocks:

Teste Case # 18 17
Label:	
	ENABLED
	Exec. Time (CPU): 10
	Exec. Time (total): 10
	Return Code: 0
	Parameters: 1 1 -200 
	Input Size: 0
	Output Size: 20
	Stderr Size: 0
	Input:

	Output:
Julian day: 1648013

	Stderr:

Travessed blocks:

Teste Case # 19 18
Label:	
	ENABLED
	Exec. Time (CPU): 10
	Exec. Time (total): 11
	Return Code: 0
	Parameters: -15 6 6 
	Input Size: 0
	Output Size: 20
	Stderr Size: 0
	Input:

	Output:
Julian day: 1722768

	Stderr:

Travessed blocks:

Teste Case # 20 19
Label:	
	ENABLED
	Exec. Time (CPU): 10
	Exec. Time (total): 11
	Return Code: 0
	Parameters: 1 1 -199999 
	Input Size: 0
	Output Size: 22
	Stderr Size: 0
	Input:

	Output:
Julian day: -71327074

	Stderr:

Travessed blocks:

Teste Case # 21 20
Label:	
	ENABLED
	Exec. Time (CPU): 10
	Exec. Time (total): 10
	Return Code: 0
	Parameters: 5 5 1000 
	Input Size: 0
	Output Size: 20
	Stderr Size: 0
	Input:

	Output:
Julian day: 2086427

	Stderr:

Travessed blocks:

Teste Case # 22 21
Label:	
	ENABLED
	Exec. Time (CPU): 10
	Exec. Time (total): 10
	Return Code: 0
	Parameters: 146097 
	Input Size: 0
	Output Size: 41
	Stderr Size: 0
	Input:

	Output:
Month: 0 Day: -1 Year: -4312 Week day: 1

	Stderr:

Travessed blocks:

Teste Case # 23 22
Label:	
	ENABLED
	Exec. Time (CPU): 10
	Exec. Time (total): 10
	Return Code: 0
	Parameters: 1757643 
	Input Size: 0
	Output Size: 39
	Stderr Size: 0
	Input:

	Output:
Month: 2 Day: 28 Year: 100 Week day: 0

	Stderr:

Travessed blocks:

Teste Case # 24 23
Label:	
	ENABLED
	Exec. Time (CPU): 10
	Exec. Time (total): 10
	Return Code: 0
	Parameters: 1757644 
	Input Size: 0
	Output Size: 38
	Stderr Size: 0
	Input:

	Output:
Month: 3 Day: 1 Year: 100 Week day: 1

	Stderr:

Travessed blocks:

Teste Case # 25 24
Label:	
	ENABLED
	Exec. Time (CPU): 10
	Exec. Time (total): 10
	Return Code: 0
	Parameters: -12222222 
	Input Size: 0
	Output Size: 45
	Stderr Size: 0
	Input:

	Output:
Month: -3 Day: -22 Year: -38175 Week day: -4

	Stderr:

Travessed blocks:

Teste Case # 26 25
Label:	
	ENABLED
	Exec. Time (CPU): 10
	Exec. Time (total): 10
	Return Code: 0
	Parameters: 0 
	Input Size: 0
	Output Size: 41
	Stderr Size: 0
	Input:

	Output:
Month: 0 Day: -1 Year: -4712 Week day: 1

	Stderr:

Travessed blocks:
