
[][][][][][][][][][][][][][][][][][][][][][][][][][][][][][]
[]
[]                  PROGRAM TESTE: S_sum
[]----------------------------------------------------------
[]   SOURCE FILE: sum
[]
[]   TOTAL MUTANTS: 165
[]
[]   ANOMALOUS MUTANTS: 0
[]
[]   ACTIVE MUTANTS: 165
[]
[]   ALIVE MUTANTS: 7
[]
[]   EQUIVALENT MUTANTS: 11
[]
[]   MUTATION SCORE: 0.954545
[]
[]   OPERATORS:
[]   u-Ccsr              6    u-CRCR             30    u-OAAN              4    
[]   u-OABN              3    u-OALN              2    u-OARN              6    
[]   u-OASN              2    u-OCNG              1    u-OEAA             10    
[]   u-OEBA              6    u-OESA              4    u-Oido              1    
[]   u-OODL              4    u-ORAN              5    u-ORBN              3    
[]   u-ORLN              2    u-ORRN              5    u-ORSN              2    
[]   u-SMTC              1    u-SMTT              1    u-SMVB              1    
[]   u-SRSR              3    u-SSDL              5    u-STRP              5    
[]   u-VDTR             18    u-VLSR             19    u-VTWD             12    
[]   u-VVDL              4    
[]
[][][][][][][][][][][][][][][][][][][][][][][][][][][][][][]

Teste Case # 1
	Number of Dead Mutants: 22
_________________________________________________


Teste Case # 2
	Number of Dead Mutants: 44
_________________________________________________


Teste Case # 3
	Number of Dead Mutants: 67
_________________________________________________


Teste Case # 4
	Number of Dead Mutants: 2
_________________________________________________


Teste Case # 5
	Number of Dead Mutants: 12
_________________________________________________
