
[][][][][][][][][][][][][][][][][][][][][][][][][][][][][][]
[]
[]                  PROGRAM TESTE: S_twoPred
[]----------------------------------------------------------
[]   SOURCE FILE: twoPred
[]
[]   TOTAL MUTANTS: 246
[]
[]   ANOMALOUS MUTANTS: 0
[]
[]   ACTIVE MUTANTS: 4
[]
[]   ALIVE MUTANTS: 0
[]
[]   EQUIVALENT MUTANTS: 0
[]
[]   MUTATION SCORE: 1.000000
[]
[]   OPERATORS:
[]   u-Cccr             20    u-CCDL              1    u-Ccsr             25    
[]   u-CRCR             25    u-OAAN              4    u-OABN              3    
[]   u-OALN              2    u-OARN              6    u-OASN              2    
[]   u-OCNG              2    u-OEAA             10    u-OEBA              6    
[]   u-OESA              4    u-OLAN              5    u-OLBN              3    
[]   u-OLLN              1    u-OLNG              3    u-OLRN              6    
[]   u-OLSN              2    u-OODL              8    u-ORAN             10    
[]   u-ORBN              6    u-ORLN              4    u-ORRN             10    
[]   u-ORSN              4    u-SRSR             12    u-SSDL              7    
[]   u-STRI              4    u-STRP              7    u-VDTR             15    
[]   u-VLSR             14    u-VTWD             10    u-VVDL              5    
[]
[][][][][][][][][][][][][][][][][][][][][][][][][][][][][][]

Teste Case # 1
	Number of Dead Mutants: 31
_________________________________________________


Teste Case # 2
	Number of Dead Mutants: 59
_________________________________________________


Teste Case # 3
	Number of Dead Mutants: 128
_________________________________________________


Teste Case # 4
	Number of Dead Mutants: 127
_________________________________________________


Teste Case # 5
	Number of Dead Mutants: 120
_________________________________________________


Teste Case # 6
	Number of Dead Mutants: 83
_________________________________________________


Teste Case # 7
	Number of Dead Mutants: 59
_________________________________________________


Teste Case # 8
	Number of Dead Mutants: 82
_________________________________________________


Teste Case # 9
	Number of Dead Mutants: 59
_________________________________________________
