
[][][][][][][][][][][][][][][][][][][][][][][][][][][][][][]
[]
[]                  PROGRAM TESTE: S_InversePermutation
[]----------------------------------------------------------
[]   SOURCE FILE: InversePermutation
[]
[]   TOTAL MUTANTS: 576
[]
[]   ANOMALOUS MUTANTS: 0
[]
[]   ACTIVE MUTANTS: 25
[]
[]   ALIVE MUTANTS: 0
[]
[]   EQUIVALENT MUTANTS: 6
[]
[]   MUTATION SCORE: 1.000000
[]
[]   OPERATORS:
[]   u-Cccr              5    u-CCDL              1    u-Ccsr             42    
[]   u-CRCR            105    u-OCNG              4    u-OEAA             25    
[]   u-OEBA             15    u-OESA             10    u-Oido              3    
[]   u-OLAN             10    u-OLBN              6    u-OLLN              2    
[]   u-OLNG              6    u-OLRN             12    u-OLSN              4    
[]   u-OODL             14    u-ORAN             25    u-ORBN             15    
[]   u-ORLN             10    u-ORRN             25    u-ORSN             10    
[]   u-SMTC              3    u-SMTT              3    u-SMVB              1    
[]   u-SRSR             12    u-SSDL             13    u-STRI              2    
[]   u-STRP             13    u-VDTR             63    u-VGAR             23    
[]   u-VLAR              4    u-VLSR             38    u-VTWD             42    
[]   u-VVDL             10    
[]
[][][][][][][][][][][][][][][][][][][][][][][][][][][][][][]

Teste Case # 1
	Number of Dead Mutants: 57
_________________________________________________


Teste Case # 2
	Number of Dead Mutants: 227
_________________________________________________


Teste Case # 3
	Number of Dead Mutants: 116
_________________________________________________


Teste Case # 4
	Number of Dead Mutants: 140
_________________________________________________


Teste Case # 5
	Number of Dead Mutants: 367
_________________________________________________


Teste Case # 6
	Number of Dead Mutants: 372
_________________________________________________


Teste Case # 7
	Number of Dead Mutants: 93
_________________________________________________


Teste Case # 8
	Number of Dead Mutants: 130
_________________________________________________


Teste Case # 9
	Number of Dead Mutants: 98
_________________________________________________


Teste Case # 10
	Number of Dead Mutants: 127
_________________________________________________


Teste Case # 11
	Number of Dead Mutants: 383
_________________________________________________
