
[][][][][][][][][][][][][][][][][][][][][][][][][][][][][][]
[]
[]                  PROGRAM TESTE: S_findLast
[]----------------------------------------------------------
[]   SOURCE FILE: findLast
[]
[]   TOTAL MUTANTS: 198
[]
[]   ANOMALOUS MUTANTS: 0
[]
[]   ACTIVE MUTANTS: 7
[]
[]   ALIVE MUTANTS: 0
[]
[]   EQUIVALENT MUTANTS: 0
[]
[]   MUTATION SCORE: 1.000000
[]
[]   OPERATORS:
[]   u-Cccr              3    u-CCDL              2    u-Ccsr             12    
[]   u-CRCR             30    u-OAAN              4    u-OABN              3    
[]   u-OALN              2    u-OARN              6    u-OASN              2    
[]   u-OCNG              2    u-OEAA              5    u-OEBA              3    
[]   u-OESA              2    u-Oido              1    u-OODL              7    
[]   u-ORAN             10    u-ORBN              6    u-ORLN              4    
[]   u-ORRN             10    u-ORSN              4    u-SMTC              1    
[]   u-SMTT              1    u-SRSR             11    u-SSDL              7    
[]   u-STRI              2    u-STRP              7    u-VDTR             18    
[]   u-VLSR             17    u-VTWD             12    u-VVDL              4    
[]
[][][][][][][][][][][][][][][][][][][][][][][][][][][][][][]

Teste Case # 1
	Number of Dead Mutants: 67
_________________________________________________


Teste Case # 2
	Number of Dead Mutants: 109
_________________________________________________


Teste Case # 3
	Number of Dead Mutants: 132
_________________________________________________


Teste Case # 4
	Number of Dead Mutants: 117
_________________________________________________


Teste Case # 5
	Number of Dead Mutants: 133
_________________________________________________


Teste Case # 6
	Number of Dead Mutants: 79
_________________________________________________
