
[][][][][][][][][][][][][][][][][][][][][][][][][][][][][][]
[]
[]                  PROGRAM TESTE: S_trashAndTakeOut
[]----------------------------------------------------------
[]   SOURCE FILE: trashAndTakeOut
[]
[]   TOTAL MUTANTS: 599
[]
[]   ANOMALOUS MUTANTS: 0
[]
[]   ACTIVE MUTANTS: 0
[]
[]   ALIVE MUTANTS: 0
[]
[]   EQUIVALENT MUTANTS: 0
[]
[]   MUTATION SCORE: 0.000000
[]
[]   OPERATORS:
[]   u-Cccr             24    u-CCDL              7    u-Ccsr             49    
[]   u-CRCR             70    u-OAAN             24    u-OABN             18    
[]   u-OALN             12    u-OARN             36    u-OASN             12    
[]   u-OCNG              3    u-OEAA             40    u-OEBA             24    
[]   u-OESA             16    u-OODL             18    u-ORAN             15    
[]   u-ORBN              9    u-ORLN              6    u-ORRN             15    
[]   u-ORSN              6    u-SRSR             13    u-SSDL             15    
[]   u-STRI              6    u-STRP             15    u-VDTR             42    
[]   u-VLSR             66    u-VTWD             28    u-VVDL             10    
[]
[][][][][][][][][][][][][][][][][][][][][][][][][][][][][][]

Teste Case # 1
	Number of Dead Mutants: 237
_________________________________________________


Teste Case # 2
	Number of Dead Mutants: 225
_________________________________________________


Teste Case # 3
	Number of Dead Mutants: 370
_________________________________________________


Teste Case # 4
	Number of Dead Mutants: 367
_________________________________________________


Teste Case # 5
	Number of Dead Mutants: 368
_________________________________________________


Teste Case # 6
	Number of Dead Mutants: 362
_________________________________________________


Teste Case # 7
	Number of Dead Mutants: 176
_________________________________________________


Teste Case # 8
	Number of Dead Mutants: 141
_________________________________________________


Teste Case # 9
	Number of Dead Mutants: 157
_________________________________________________


Teste Case # 10
	Number of Dead Mutants: 128
_________________________________________________


Teste Case # 11
	Number of Dead Mutants: 180
_________________________________________________
