
[][][][][][][][][][][][][][][][][][][][][][][][][][][][][][]
[]
[]                  PROGRAM TESTE: S_oddOrPos
[]----------------------------------------------------------
[]   SOURCE FILE: oddOrPos
[]
[]   TOTAL MUTANTS: 361
[]
[]   ANOMALOUS MUTANTS: 0
[]
[]   ACTIVE MUTANTS: 361
[]
[]   ALIVE MUTANTS: 266
[]
[]   EQUIVALENT MUTANTS: 71
[]
[]   MUTATION SCORE: 0.082759
[]
[]   OPERATORS:
[]   u-Cccr             12    u-CCDL              4    u-Ccsr             27    
[]   u-CRCR             45    u-OAAN              8    u-OABN              6    
[]   u-OALN              4    u-OARN             12    u-OASN              4    
[]   u-OCNG              2    u-OEAA              5    u-OEBA              3    
[]   u-OESA              2    u-Oido              2    u-OLAN             10    
[]   u-OLBN              6    u-OLLN              2    u-OLNG              6    
[]   u-OLRN             12    u-OLSN              4    u-OODL             17    
[]   u-ORAN             20    u-ORBN             12    u-ORLN              8    
[]   u-ORRN             20    u-ORSN              8    u-SMTC              1    
[]   u-SMTT              1    u-SRSR              5    u-SSDL              7    
[]   u-STRI              2    u-STRP              7    u-VDTR             27    
[]   u-VLSR             27    u-VTWD             18    u-VVDL              5    
[]
[][][][][][][][][][][][][][][][][][][][][][][][][][][][][][]

Teste Case # 1
	Number of Dead Mutants: 24
_________________________________________________


Teste Case # 2
	Number of Dead Mutants: 145
_________________________________________________


Teste Case # 3
	Number of Dead Mutants: 211
_________________________________________________


Teste Case # 4
	Number of Dead Mutants: 217
_________________________________________________


Teste Case # 5
	Number of Dead Mutants: 250
_________________________________________________


Teste Case # 6
	Number of Dead Mutants: 227
_________________________________________________
