
Teste Case # 1 0
Label:	
	ENABLED
	Exec. Time (CPU): 10
	Exec. Time (total): 10
	Return Code: 1
	Parameters: 
	Input Size: 0
	Output Size: 1
	Stderr Size: 0
	Input:

	Output:


	Stderr:

Travessed blocks:

Teste Case # 2 1
Label:	
	ENABLED
	Exec. Time (CPU): 10
	Exec. Time (total): 10
	Return Code: 1
	Parameters: -3 -2 -1 0 1 2 3 4 5 6 7 8 9 
	Input Size: 0
	Output Size: 30
	Stderr Size: 0
	Input:

	Output:
-3 -2 -1 0 1 2 3 4 5 6 7 8 9 

	Stderr:

Travessed blocks:

Teste Case # 3 2
Label:	
	ENABLED
	Exec. Time (CPU): 10
	Exec. Time (total): 10
	Return Code: 1
	Parameters: -33 -22 -11 0 19 228 37 46 55 64 73 182 19 
	Input Size: 0
	Output Size: 44
	Stderr Size: 0
	Input:

	Output:
-33 -22 -11 0 19 19 37 46 55 64 73 182 228 

	Stderr:

Travessed blocks:

Teste Case # 4 3
Label:	
	ENABLED
	Exec. Time (CPU): 10
	Exec. Time (total): 10
	Return Code: 1
	Parameters: - 1 -3 -2 -1 0 1 2 3 4 5 6 7 8 9 
	Input Size: 0
	Output Size: 30
	Stderr Size: 0
	Input:

	Output:
0 0 0 0 0 0 -3 -2 -1 0 1 2 3 

	Stderr:

Travessed blocks:

Teste Case # 5 4
Label:	
	ENABLED
	Exec. Time (CPU): 10
	Exec. Time (total): 10
	Return Code: 1
	Parameters: - 2 1 2 3 4 5 6 7 8 9 0 
	Input Size: 0
	Output Size: 21
	Stderr Size: 0
	Input:

	Output:
0 0 0 0 0 0 0 0 0 0 

	Stderr:

Travessed blocks:

Teste Case # 6 5
Label:	
	ENABLED
	Exec. Time (CPU): 10
	Exec. Time (total): 11
	Return Code: 1
	Parameters: - 3 0 1 2 3 4 5 6 7 8 9 
	Input Size: 0
	Output Size: 21
	Stderr Size: 0
	Input:

	Output:
0 1 2 3 4 0 0 0 0 0 

	Stderr:

Travessed blocks:

Teste Case # 7 6
Label:	
	ENABLED
	Exec. Time (CPU): 10
	Exec. Time (total): 11
	Return Code: 1
	Parameters: - 3 0 
	Input Size: 0
	Output Size: 3
	Stderr Size: 0
	Input:

	Output:
0 

	Stderr:

Travessed blocks:

Teste Case # 8 7
Label:	
	ENABLED
	Exec. Time (CPU): 10
	Exec. Time (total): 10
	Return Code: 1
	Parameters: - 4 0 1 2 3 4 5 6 7 8 9 
	Input Size: 0
	Output Size: 21
	Stderr Size: 0
	Input:

	Output:
1 2 3 4 0 0 0 0 0 0 

	Stderr:

Travessed blocks:

Teste Case # 9 8
Label:	
	ENABLED
	Exec. Time (CPU): 10
	Exec. Time (total): 10
	Return Code: 1
	Parameters: - 5 0 1 2 3 4 -5 6 0 8 9 
	Input Size: 0
	Output Size: 21
	Stderr Size: 0
	Input:

	Output:
0 1 2 3 0 0 0 0 0 0 

	Stderr:

Travessed blocks:

Teste Case # 10 9
Label:	
	ENABLED
	Exec. Time (CPU): 10
	Exec. Time (total): 10
	Return Code: 1
	Parameters: 3 -2 1 10 1 234 56 7 8 9 
	Input Size: 0
	Output Size: 26
	Stderr Size: 0
	Input:

	Output:
-2 1 1 3 7 8 9 10 56 234 

	Stderr:

Travessed blocks:

Teste Case # 11 10
Label:	
	ENABLED
	Exec. Time (CPU): 10
	Exec. Time (total): 10
	Return Code: 1
	Parameters: 9 8 7 6 5 4 3 2 1 0 -1 
	Input Size: 0
	Output Size: 24
	Stderr Size: 0
	Input:

	Output:
-1 0 1 2 3 4 5 6 7 8 9 

	Stderr:

Travessed blocks:

Teste Case # 12 11
Label:	
	ENABLED
	Exec. Time (CPU): 10
	Exec. Time (total): 10
	Return Code: 1
	Parameters: - 7 0 3 8 9 392 2 
	Input Size: 0
	Output Size: 15
	Stderr Size: 0
	Input:

	Output:
0 3 8 9 392 2 

	Stderr:

Travessed blocks:

Teste Case # 13 12
Label:	
	ENABLED
	Exec. Time (CPU): 10
	Exec. Time (total): 10
	Return Code: 1
	Parameters: - 8 
	Input Size: 0
	Output Size: 15
	Stderr Size: 0
	Input:

	Output:
0 1 2 3 5 6 7 

	Stderr:

Travessed blocks:

Teste Case # 14 13
Label:	
	ENABLED
	Exec. Time (CPU): 10
	Exec. Time (total): 11
	Return Code: 1
	Parameters: - 9 0 2 48 3 
	Input Size: 0
	Output Size: 10
	Stderr Size: 0
	Input:

	Output:
0 2 48 3 

	Stderr:

Travessed blocks:

Teste Case # 15 14
Label:	
	ENABLED
	Exec. Time (CPU): 10
	Exec. Time (total): 10
	Return Code: 1
	Parameters: - 10 9 0 2 48 3 
	Input Size: 0
	Output Size: 12
	Stderr Size: 0
	Input:

	Output:
9 0 2 48 3 

	Stderr:

Travessed blocks:

Teste Case # 16 15
Label:	
	ENABLED
	Exec. Time (CPU): 10
	Exec. Time (total): 10
	Return Code: 1
	Parameters: - 11 0 3 9 2 1 
	Input Size: 0
	Output Size: 22
	Stderr Size: 0
	Input:

	Output:
0 3 9 2 1 
0 3 9 2 1 

	Stderr:

Travessed blocks:
