
[][][][][][][][][][][][][][][][][][][][][][][][][][][][][][]
[]
[]                  PROGRAM TESTE: S_date-plus
[]----------------------------------------------------------
[]   SOURCE FILE: date-plus
[]
[]   TOTAL MUTANTS: 2421
[]
[]   ANOMALOUS MUTANTS: 0
[]
[]   ACTIVE MUTANTS: 2421
[]
[]   ALIVE MUTANTS: 4
[]
[]   EQUIVALENT MUTANTS: 160
[]
[]   MUTATION SCORE: 0.998231
[]
[]   OPERATORS:
[]   u-Cccr            214    u-CCDL             18    u-Ccsr            331    
[]   u-CRCR            250    u-OAAA             22    u-OAAN              8    
[]   u-OABA              3    u-OABN              6    u-OAEA              7    
[]   u-OALN              4    u-OARN             12    u-OASA              2    
[]   u-OASN              4    u-OCNG             13    u-OEAA             22    
[]   u-OEBA              6    u-OESA              4    u-Oido             15    
[]   u-OLAN             30    u-OLBN             18    u-OLLN              6    
[]   u-OLNG             18    u-OLRN             36    u-OLSN             12    
[]   u-OODL             56    u-ORAN             80    u-ORBN             48    
[]   u-ORLN             32    u-ORRN             80    u-ORSN             32    
[]   u-SMTC              4    u-SMTT              4    u-SMVB              5    
[]   u-SRSR             89    u-SSDL             89    u-SSWM             16    
[]   u-STRI             18    u-STRP             89    u-SWDD              3    
[]   u-VDTR            144    u-VGSR            121    u-VLAR              2    
[]   u-VLPR              4    u-VLSR            168    u-VSCR            162    
[]   u-VTWD             96    u-VVDL             18    
[]
[][][][][][][][][][][][][][][][][][][][][][][][][][][][][][]

Teste Case # 1
	Number of Dead Mutants: 931
_________________________________________________


Teste Case # 2
	Number of Dead Mutants: 118
_________________________________________________


Teste Case # 3
	Number of Dead Mutants: 117
_________________________________________________


Teste Case # 4
	Number of Dead Mutants: 19
_________________________________________________


Teste Case # 5
	Number of Dead Mutants: 47
_________________________________________________


Teste Case # 6
	Number of Dead Mutants: 20
_________________________________________________


Teste Case # 7
	Number of Dead Mutants: 84
_________________________________________________


Teste Case # 8
	Number of Dead Mutants: 39
_________________________________________________


Teste Case # 9
	Number of Dead Mutants: 38
_________________________________________________


Teste Case # 10
	Number of Dead Mutants: 194
_________________________________________________


Teste Case # 11
	Number of Dead Mutants: 43
_________________________________________________


Teste Case # 12
	Number of Dead Mutants: 38
_________________________________________________


Teste Case # 13
	Number of Dead Mutants: 82
_________________________________________________


Teste Case # 14
	Number of Dead Mutants: 56
_________________________________________________


Teste Case # 15
	Number of Dead Mutants: 76
_________________________________________________


Teste Case # 16
	Number of Dead Mutants: 37
_________________________________________________


Teste Case # 18
	Number of Dead Mutants: 10
_________________________________________________


Teste Case # 19
	Number of Dead Mutants: 1
_________________________________________________


Teste Case # 20
	Number of Dead Mutants: 32
_________________________________________________


Teste Case # 21
	Number of Dead Mutants: 2
_________________________________________________


Teste Case # 22
	Number of Dead Mutants: 3
_________________________________________________


Teste Case # 23
	Number of Dead Mutants: 2
_________________________________________________


Teste Case # 25
	Number of Dead Mutants: 5
_________________________________________________


Teste Case # 26
	Number of Dead Mutants: 6
_________________________________________________


Teste Case # 27
	Number of Dead Mutants: 2
_________________________________________________


Teste Case # 28
	Number of Dead Mutants: 3
_________________________________________________


Teste Case # 29
	Number of Dead Mutants: 5
_________________________________________________


Teste Case # 30
	Number of Dead Mutants: 3
_________________________________________________


Teste Case # 31
	Number of Dead Mutants: 1
_________________________________________________


Teste Case # 32
	Number of Dead Mutants: 18
_________________________________________________


Teste Case # 33
	Number of Dead Mutants: 12
_________________________________________________


Teste Case # 34
	Number of Dead Mutants: 12
_________________________________________________


Teste Case # 35
	Number of Dead Mutants: 108
_________________________________________________


Teste Case # 36
	Number of Dead Mutants: 34
_________________________________________________


Teste Case # 37
	Number of Dead Mutants: 32
_________________________________________________


Teste Case # 38
	Number of Dead Mutants: 22
_________________________________________________


Teste Case # 39
	Number of Dead Mutants: 1
_________________________________________________


Teste Case # 40
	Number of Dead Mutants: 1
_________________________________________________


Teste Case # 41
	Number of Dead Mutants: 1
_________________________________________________


Teste Case # 45
	Number of Dead Mutants: 1
_________________________________________________


Teste Case # 48
	Number of Dead Mutants: 1
_________________________________________________
