
[][][][][][][][][][][][][][][][][][][][][][][][][][][][][][]
[]
[]                  PROGRAM TESTE: S_date-plus
[]----------------------------------------------------------
[]   SOURCE FILE: date-plus
[]
[]   TOTAL MUTANTS: 2421
[]
[]   ANOMALOUS MUTANTS: 0
[]
[]   ACTIVE MUTANTS: 2421
[]
[]   ALIVE MUTANTS: 2421
[]
[]   EQUIVALENT MUTANTS: 0
[]
[]   MUTATION SCORE: 0.000000
[]
[]   OPERATORS:
[]   u-Cccr            214    u-CCDL             18    u-Ccsr            331    
[]   u-CRCR            250    u-OAAA             22    u-OAAN              8    
[]   u-OABA              3    u-OABN              6    u-OAEA              7    
[]   u-OALN              4    u-OARN             12    u-OASA              2    
[]   u-OASN              4    u-OCNG             13    u-OEAA             22    
[]   u-OEBA              6    u-OESA              4    u-Oido             15    
[]   u-OLAN             30    u-OLBN             18    u-OLLN              6    
[]   u-OLNG             18    u-OLRN             36    u-OLSN             12    
[]   u-OODL             56    u-ORAN             80    u-ORBN             48    
[]   u-ORLN             32    u-ORRN             80    u-ORSN             32    
[]   u-SMTC              4    u-SMTT              4    u-SMVB              5    
[]   u-SRSR             89    u-SSDL             89    u-SSWM             16    
[]   u-STRI             18    u-STRP             89    u-SWDD              3    
[]   u-VDTR            144    u-VGSR            121    u-VLAR              2    
[]   u-VLPR              4    u-VLSR            168    u-VSCR            162    
[]   u-VTWD             96    u-VVDL             18    
[]
[][][][][][][][][][][][][][][][][][][][][][][][][][][][][][]