
[][][][][][][][][][][][][][][][][][][][][][][][][][][][][][]
[]
[]                  PROGRAM TESTE: S_totinfo
[]----------------------------------------------------------
[]   SOURCE FILE: totinfo
[]
[]   TOTAL MUTANTS: 6698
[]
[]   ANOMALOUS MUTANTS: 0
[]
[]   ACTIVE MUTANTS: 6698
[]
[]   ALIVE MUTANTS: 6698
[]
[]   EQUIVALENT MUTANTS: 0
[]
[]   MUTATION SCORE: 0.000000
[]
[]   OPERATORS:
[]   u-Cccr            246    u-CCDL             36    u-Ccsr            513    
[]   u-CRCR            882    u-OAAA             40    u-OAAN            161    
[]   u-OABA              3    u-OABN             24    u-OAEA             13    
[]   u-OALN            102    u-OARN            306    u-OASA              2    
[]   u-OASN             16    u-OBAN              5    u-OBBN              2    
[]   u-OBLN              2    u-OBNG              3    u-OBRN              6    
[]   u-OBSA              2    u-OBSN              2    u-OCNG             38    
[]   u-OCOR             38    u-OEAA            158    u-OEBA             42    
[]   u-OESA             28    u-Oido             19    u-OLAN             10    
[]   u-OLBN              6    u-OLLN              2    u-OLNG              6    
[]   u-OLRN             12    u-OLSN              4    u-OODL            238    
[]   u-ORAN            182    u-ORBN             66    u-ORLN             86    
[]   u-ORRN            215    u-ORSN             44    u-SCRB              2    
[]   u-SGLR             10    u-SMTC             14    u-SMTT             14    
[]   u-SMVB              6    u-SRSR            150    u-SSDL            126    
[]   u-STRI             40    u-STRP            127    u-SWDD              1    
[]   u-VDTR            426    u-VGSR            401    u-VLPR              6    
[]   u-VLSR           1438    u-VTWD            284    u-VVDL             93    
[]
[][][][][][][][][][][][][][][][][][][][][][][][][][][][][][]