
[][][][][][][][][][][][][][][][][][][][][][][][][][][][][][]
[]
[]                  PROGRAM TESTE: S_UnixCal
[]----------------------------------------------------------
[]   SOURCE FILE: UnixCal
[]
[]   TOTAL MUTANTS: 4855
[]
[]   ANOMALOUS MUTANTS: 3
[]
[]   ACTIVE MUTANTS: 4855
[]
[]   ALIVE MUTANTS: 2255
[]
[]   EQUIVALENT MUTANTS: 343
[]
[]   MUTATION SCORE: 0.499889
[]
[]   OPERATORS:
[]   u-Cccr           1026    u-CCDL             50    u-Ccsr            734    
[]   u-CRCR            310    u-OAAA             41    u-OAAN            125    
[]   u-OABA             30    u-OABN             90    u-OAEA             10    
[]   u-OALN             68    u-OARN            204    u-OASA             20    
[]   u-OASN             60    u-OCNG             20    u-OEAA            135    
[]   u-OEBA             81    u-OESA             54    u-Oido             15    
[]   u-OIPM              2    u-OLAN             20    u-OLBN             12    
[]   u-OLLN              4    u-OLNG             12    u-OLRN             24    
[]   u-OLSN              8    u-OODL            134    u-ORAN            110    
[]   u-ORBN             66    u-ORLN             44    u-ORRN            110    
[]   u-ORSN             44    u-SBRC              1    u-SMTC              8    
[]   u-SMTT              8    u-SMVB              1    u-SRSR            100    
[]   u-SSDL            101    u-SSWM              3    u-STRI             24    
[]   u-STRP            102    u-SWDD              2    u-VDTR            186    
[]   u-VGAR             52    u-VLAR              4    u-VLPR             18    
[]   u-VLSR            391    u-VSCR             18    u-VTWD            124    
[]   u-VVDL             49    
[]
[][][][][][][][][][][][][][][][][][][][][][][][][][][][][][]

Teste Case # 1
	Number of Dead Mutants: 2190
_________________________________________________


Teste Case # 2
	Number of Dead Mutants: 128
_________________________________________________


Teste Case # 3
	Number of Dead Mutants: 253
_________________________________________________


Teste Case # 4
	Number of Dead Mutants: 150
_________________________________________________


Teste Case # 5
	Number of Dead Mutants: 2308
_________________________________________________


Teste Case # 6
	Number of Dead Mutants: 2929
_________________________________________________


Teste Case # 7
	Number of Dead Mutants: 146
_________________________________________________


Teste Case # 8
	Number of Dead Mutants: 2140
_________________________________________________


Teste Case # 9
	Number of Dead Mutants: 2777
_________________________________________________


Teste Case # 10
	Number of Dead Mutants: 137
_________________________________________________


Teste Case # 11
	Number of Dead Mutants: 2311
_________________________________________________


Teste Case # 12
	Number of Dead Mutants: 2306
_________________________________________________


Teste Case # 13
	Number of Dead Mutants: 2988
_________________________________________________


Teste Case # 14
	Number of Dead Mutants: 251
_________________________________________________


Teste Case # 15
	Number of Dead Mutants: 127
_________________________________________________


Teste Case # 16
	Number of Dead Mutants: 2296
_________________________________________________


Teste Case # 17
	Number of Dead Mutants: 2206
_________________________________________________


Teste Case # 18
	Number of Dead Mutants: 2982
_________________________________________________


Teste Case # 19
	Number of Dead Mutants: 1853
_________________________________________________


Teste Case # 20
	Number of Dead Mutants: 3014
_________________________________________________


Teste Case # 21
	Number of Dead Mutants: 2158
_________________________________________________


Teste Case # 22
	Number of Dead Mutants: 2983
_________________________________________________


Teste Case # 23
	Number of Dead Mutants: 2989
_________________________________________________


Teste Case # 24
	Number of Dead Mutants: 2814
_________________________________________________


Teste Case # 25
	Number of Dead Mutants: 116
_________________________________________________


Teste Case # 26
	Number of Dead Mutants: 241
_________________________________________________


Teste Case # 27
	Number of Dead Mutants: 2974
_________________________________________________


Teste Case # 28
	Number of Dead Mutants: 2008
_________________________________________________
