
[][][][][][][][][][][][][][][][][][][][][][][][][][][][][][]
[]
[]                  PROGRAM TESTE: S_tcas
[]----------------------------------------------------------
[]   SOURCE FILE: tcas
[]
[]   TOTAL MUTANTS: 2384
[]
[]   ANOMALOUS MUTANTS: 0
[]
[]   ACTIVE MUTANTS: 2384
[]
[]   ALIVE MUTANTS: 2384
[]
[]   EQUIVALENT MUTANTS: 0
[]
[]   MUTATION SCORE: 0.000000
[]
[]   OPERATORS:
[]   u-Cccr             83    u-CCDL              7    u-Ccsr             75    
[]   u-CRCR            180    u-OAAN              4    u-OABN              3    
[]   u-OALN              2    u-OARN              6    u-OASN              2    
[]   u-OCNG              7    u-OEAA            100    u-OEBA             60    
[]   u-OESA             40    u-OLAN             85    u-OLBN             51    
[]   u-OLLN             17    u-OLNG             51    u-OLRN            102    
[]   u-OLSN             34    u-OODL             68    u-ORAN             70    
[]   u-ORBN             42    u-ORLN             28    u-ORRN             70    
[]   u-ORSN             28    u-SRSR             36    u-SSDL             46    
[]   u-STRI             12    u-STRP             46    u-VDTR            108    
[]   u-VGSR            650    u-VLSR            175    u-VTWD             72    
[]   u-VVDL             24    
[]
[][][][][][][][][][][][][][][][][][][][][][][][][][][][][][]