
[][][][][][][][][][][][][][][][][][][][][][][][][][][][][][]
[]
[]                  PROGRAM TESTE: S_totinfo
[]----------------------------------------------------------
[]   SOURCE FILE: totinfo
[]
[]   TOTAL MUTANTS: 6698
[]
[]   ANOMALOUS MUTANTS: 5
[]
[]   ACTIVE MUTANTS: 6698
[]
[]   ALIVE MUTANTS: 256
[]
[]   EQUIVALENT MUTANTS: 409
[]
[]   MUTATION SCORE: 0.959262
[]
[]   OPERATORS:
[]   u-Cccr            246    u-CCDL             36    u-Ccsr            513    
[]   u-CRCR            882    u-OAAA             40    u-OAAN            161    
[]   u-OABA              3    u-OABN             24    u-OAEA             13    
[]   u-OALN            102    u-OARN            306    u-OASA              2    
[]   u-OASN             16    u-OBAN              5    u-OBBN              2    
[]   u-OBLN              2    u-OBNG              3    u-OBRN              6    
[]   u-OBSA              2    u-OBSN              2    u-OCNG             38    
[]   u-OCOR             38    u-OEAA            158    u-OEBA             42    
[]   u-OESA             28    u-Oido             19    u-OLAN             10    
[]   u-OLBN              6    u-OLLN              2    u-OLNG              6    
[]   u-OLRN             12    u-OLSN              4    u-OODL            238    
[]   u-ORAN            182    u-ORBN             66    u-ORLN             86    
[]   u-ORRN            215    u-ORSN             44    u-SCRB              2    
[]   u-SGLR             10    u-SMTC             14    u-SMTT             14    
[]   u-SMVB              6    u-SRSR            150    u-SSDL            126    
[]   u-STRI             40    u-STRP            127    u-SWDD              1    
[]   u-VDTR            426    u-VGSR            401    u-VLPR              6    
[]   u-VLSR           1438    u-VTWD            284    u-VVDL             93    
[]
[][][][][][][][][][][][][][][][][][][][][][][][][][][][][][]

Teste Case # 1
	Number of Dead Mutants: 1266
_________________________________________________


Teste Case # 2
	Number of Dead Mutants: 4464
_________________________________________________


Teste Case # 3
	Number of Dead Mutants: 662
_________________________________________________


Teste Case # 4
	Number of Dead Mutants: 3636
_________________________________________________


Teste Case # 5
	Number of Dead Mutants: 4765
_________________________________________________


Teste Case # 6
	Number of Dead Mutants: 3830
_________________________________________________


Teste Case # 7
	Number of Dead Mutants: 301
_________________________________________________


Teste Case # 8
	Number of Dead Mutants: 4833
_________________________________________________


Teste Case # 9
	Number of Dead Mutants: 4426
_________________________________________________


Teste Case # 10
	Number of Dead Mutants: 3820
_________________________________________________


Teste Case # 11
	Number of Dead Mutants: 3305
_________________________________________________


Teste Case # 12
	Number of Dead Mutants: 4018
_________________________________________________


Teste Case # 13
	Number of Dead Mutants: 4595
_________________________________________________


Teste Case # 14
	Number of Dead Mutants: 4527
_________________________________________________


Teste Case # 15
	Number of Dead Mutants: 296
_________________________________________________


Teste Case # 16
	Number of Dead Mutants: 1307
_________________________________________________


Teste Case # 17
	Number of Dead Mutants: 3716
_________________________________________________


Teste Case # 18
	Number of Dead Mutants: 4118
_________________________________________________


Teste Case # 19
	Number of Dead Mutants: 3650
_________________________________________________


Teste Case # 20
	Number of Dead Mutants: 3737
_________________________________________________


Teste Case # 21
	Number of Dead Mutants: 4593
_________________________________________________


Teste Case # 22
	Number of Dead Mutants: 3773
_________________________________________________


Teste Case # 23
	Number of Dead Mutants: 4822
_________________________________________________


Teste Case # 24
	Number of Dead Mutants: 4607
_________________________________________________


Teste Case # 25
	Number of Dead Mutants: 3299
_________________________________________________


Teste Case # 26
	Number of Dead Mutants: 3328
_________________________________________________


Teste Case # 27
	Number of Dead Mutants: 1929
_________________________________________________


Teste Case # 28
	Number of Dead Mutants: 301
_________________________________________________


Teste Case # 29
	Number of Dead Mutants: 3285
_________________________________________________


Teste Case # 30
	Number of Dead Mutants: 3626
_________________________________________________


Teste Case # 31
	Number of Dead Mutants: 4975
_________________________________________________


Teste Case # 32
	Number of Dead Mutants: 339
_________________________________________________


Teste Case # 33
	Number of Dead Mutants: 144
_________________________________________________


Teste Case # 34
	Number of Dead Mutants: 1101
_________________________________________________


Teste Case # 35
	Number of Dead Mutants: 79
_________________________________________________


Teste Case # 36
	Number of Dead Mutants: 464
_________________________________________________


Teste Case # 37
	Number of Dead Mutants: 950
_________________________________________________


Teste Case # 38
	Number of Dead Mutants: 385
_________________________________________________


Teste Case # 39
	Number of Dead Mutants: 63
_________________________________________________


Teste Case # 40
	Number of Dead Mutants: 48
_________________________________________________


Teste Case # 41
	Number of Dead Mutants: 998
_________________________________________________


Teste Case # 42
	Number of Dead Mutants: 1016
_________________________________________________


Teste Case # 43
	Number of Dead Mutants: 203
_________________________________________________


Teste Case # 44
	Number of Dead Mutants: 1581
_________________________________________________


Teste Case # 45
	Number of Dead Mutants: 315
_________________________________________________


Teste Case # 46
	Number of Dead Mutants: 1107
_________________________________________________


Teste Case # 47
	Number of Dead Mutants: 866
_________________________________________________
