
Teste Case # 1 0
Label:	
	ENABLED
	Exec. Time (CPU): 10
	Exec. Time (total): 11
	Return Code: 15
	Parameters: 1 1 1 1 1963 
	Input Size: 0
	Output Size: 15
	Stderr Size: 0
	Input:

	Output:
Result is: 0  

	Stderr:

Travessed blocks:

Teste Case # 2 1
Label:	
	ENABLED
	Exec. Time (CPU): 10
	Exec. Time (total): 10
	Return Code: 17
	Parameters: 2 1 8 24 1963 
	Input Size: 0
	Output Size: 17
	Stderr Size: 0
	Input:

	Output:
Result is: 204  

	Stderr:

Travessed blocks:

Teste Case # 3 2
Label:	
	ENABLED
	Exec. Time (CPU): 10
	Exec. Time (total): 10
	Return Code: 17
	Parameters: 2 1 8 24 1972 
	Input Size: 0
	Output Size: 17
	Stderr Size: 0
	Input:

	Output:
Result is: 205  

	Stderr:

Travessed blocks:

Teste Case # 4 3
Label:	
	ENABLED
	Exec. Time (CPU): 10
	Exec. Time (total): 10
	Return Code: 17
	Parameters: 2 1 8 24 1900 
	Input Size: 0
	Output Size: 17
	Stderr Size: 0
	Input:

	Output:
Result is: 204  

	Stderr:

Travessed blocks:

Teste Case # 5 4
Label:	
	ENABLED
	Exec. Time (CPU): 10
	Exec. Time (total): 10
	Return Code: 17
	Parameters: 2 1 8 24 2000 
	Input Size: 0
	Output Size: 17
	Stderr Size: 0
	Input:

	Output:
Result is: 205  

	Stderr:

Travessed blocks:

Teste Case # 6 5
Label:	
	ENABLED
	Exec. Time (CPU): 10
	Exec. Time (total): 10
	Return Code: 16
	Parameters: 8 2 8 24 1972 
	Input Size: 0
	Output Size: 16
	Stderr Size: 0
	Input:

	Output:
Result is: 22  

	Stderr:

Travessed blocks:

Teste Case # 7 6
Label:	
	ENABLED
	Exec. Time (CPU): 10
	Exec. Time (total): 10
	Return Code: 16
	Parameters: 8 24 9 24 1963 
	Input Size: 0
	Output Size: 16
	Stderr Size: 0
	Input:

	Output:
Result is: 31  

	Stderr:

Travessed blocks:
