
[][][][][][][][][][][][][][][][][][][][][][][][][][][][][][]
[]
[]                  PROGRAM TESTE: S_cal
[]----------------------------------------------------------
[]   SOURCE FILE: cal
[]
[]   TOTAL MUTANTS: 891
[]
[]   ANOMALOUS MUTANTS: 0
[]
[]   ACTIVE MUTANTS: 1
[]
[]   ALIVE MUTANTS: 0
[]
[]   EQUIVALENT MUTANTS: 0
[]
[]   MUTATION SCORE: 1.000000
[]
[]   OPERATORS:
[]   u-Cccr             36    u-CCDL              5    u-Ccsr             90    
[]   u-CRCR             90    u-OAAN             24    u-OABN             18    
[]   u-OALN             12    u-OARN             36    u-OASN             12    
[]   u-OCNG              3    u-OEAA             30    u-OEBA             18    
[]   u-OESA             12    u-Oido              1    u-OLAN             10    
[]   u-OLBN              6    u-OLLN              2    u-OLNG              6    
[]   u-OLRN             12    u-OLSN              4    u-OODL             26    
[]   u-ORAN             25    u-ORBN             15    u-ORLN             10    
[]   u-ORRN             25    u-ORSN             10    u-SMTC              1    
[]   u-SMTT              1    u-SRSR              9    u-SSDL             11    
[]   u-STRI              4    u-STRP             11    u-VDTR             54    
[]   u-VLSR            211    u-VTWD             36    u-VVDL             15    
[]
[][][][][][][][][][][][][][][][][][][][][][][][][][][][][][]

Teste Case # 1
	Number of Dead Mutants: 120
_________________________________________________


Teste Case # 2
	Number of Dead Mutants: 534
_________________________________________________


Teste Case # 3
	Number of Dead Mutants: 575
_________________________________________________


Teste Case # 4
	Number of Dead Mutants: 592
_________________________________________________


Teste Case # 5
	Number of Dead Mutants: 588
_________________________________________________


Teste Case # 6
	Number of Dead Mutants: 147
_________________________________________________


Teste Case # 7
	Number of Dead Mutants: 304
_________________________________________________
