
[][][][][][][][][][][][][][][][][][][][][][][][][][][][][][]
[]
[]                  PROGRAM TESTE: S_pcal
[]----------------------------------------------------------
[]   SOURCE FILE: pcal
[]
[]   TOTAL MUTANTS: 6419
[]
[]   ANOMALOUS MUTANTS: 0
[]
[]   ACTIVE MUTANTS: 6419
[]
[]   ALIVE MUTANTS: 6419
[]
[]   EQUIVALENT MUTANTS: 0
[]
[]   MUTATION SCORE: 0.000000
[]
[]   OPERATORS:
[]   u-Cccr            455    u-CCDL             46    u-Ccsr            750    
[]   u-CRCR            645    u-OAAA             28    u-OAAN            128    
[]   u-OABA             21    u-OABN             96    u-OAEA              7    
[]   u-OALN             64    u-OARN            192    u-OASA             14    
[]   u-OASN             64    u-OCNG             34    u-OEAA            125    
[]   u-OEBA             75    u-OESA             50    u-Oido             24    
[]   u-OLAN             70    u-OLBN             42    u-OLLN             14    
[]   u-OLNG             42    u-OLRN             84    u-OLSN             28    
[]   u-OODL            191    u-ORAN            205    u-ORBN            123    
[]   u-ORLN             84    u-ORRN            210    u-ORSN             82    
[]   u-SMTC              8    u-SMTT              8    u-SMVB              5    
[]   u-SRSR            130    u-SSDL            136    u-SSWM             11    
[]   u-STRI             42    u-STRP            136    u-VDTR            387    
[]   u-VGAR             36    u-VGPR             37    u-VLAR              1    
[]   u-VLPR             12    u-VLSR           1119    u-VSCR             27    
[]   u-VTWD            258    u-VVDL             73    
[]
[][][][][][][][][][][][][][][][][][][][][][][][][][][][][][]