
Teste Case # 1 0
Label:	
	ENABLED
	Exec. Time (CPU): 10
	Exec. Time (total): 10
	Return Code: 0
	Parameters: 10 9 
	Input Size: 0
	Output Size: 17
	Stderr Size: 0
	Input:

	Output:
The result is: B

	Stderr:

Travessed blocks:

Teste Case # 2 1
Label:	
	ENABLED
	Exec. Time (CPU): 10
	Exec. Time (total): 10
	Return Code: 0
	Parameters: 4 5 
	Input Size: 0
	Output Size: 17
	Stderr Size: 0
	Input:

	Output:
The result is: B

	Stderr:

Travessed blocks:

Teste Case # 3 2
Label:	
	ENABLED
	Exec. Time (CPU): 10
	Exec. Time (total): 10
	Return Code: 0
	Parameters: 4 6 
	Input Size: 0
	Output Size: 17
	Stderr Size: 0
	Input:

	Output:
The result is: A

	Stderr:

Travessed blocks:

Teste Case # 4 3
Label:	
	ENABLED
	Exec. Time (CPU): 10
	Exec. Time (total): 10
	Return Code: 0
	Parameters: 0 10 
	Input Size: 0
	Output Size: 17
	Stderr Size: 0
	Input:

	Output:
The result is: A

	Stderr:

Travessed blocks:

Teste Case # 5 4
Label:	
	ENABLED
	Exec. Time (CPU): 10
	Exec. Time (total): 10
	Return Code: 0
	Parameters: -10 20 
	Input Size: 0
	Output Size: 17
	Stderr Size: 0
	Input:

	Output:
The result is: A

	Stderr:

Travessed blocks:

Teste Case # 6 5
Label:	
	ENABLED
	Exec. Time (CPU): 10
	Exec. Time (total): 10
	Return Code: 0
	Parameters: 6 4 
	Input Size: 0
	Output Size: 17
	Stderr Size: 0
	Input:

	Output:
The result is: B

	Stderr:

Travessed blocks:

Teste Case # 7 6
Label:	
	ENABLED
	Exec. Time (CPU): 10
	Exec. Time (total): 10
	Return Code: 0
	Parameters: 4 7 
	Input Size: 0
	Output Size: 17
	Stderr Size: 0
	Input:

	Output:
The result is: B

	Stderr:

Travessed blocks:

Teste Case # 8 7
Label:	
	ENABLED
	Exec. Time (CPU): 10
	Exec. Time (total): 10
	Return Code: 0
	Parameters: 5 5 
	Input Size: 0
	Output Size: 17
	Stderr Size: 0
	Input:

	Output:
The result is: B

	Stderr:

Travessed blocks:

Teste Case # 9 8
Label:	
	ENABLED
	Exec. Time (CPU): 10
	Exec. Time (total): 10
	Return Code: 0
	Parameters: -10 -1 
	Input Size: 0
	Output Size: 17
	Stderr Size: 0
	Input:

	Output:
The result is: B

	Stderr:

Travessed blocks:
