
[][][][][][][][][][][][][][][][][][][][][][][][][][][][][][]
[]
[]                  PROGRAM TESTE: S_printPrimes
[]----------------------------------------------------------
[]   SOURCE FILE: printPrimes
[]
[]   TOTAL MUTANTS: 715
[]
[]   ANOMALOUS MUTANTS: 0
[]
[]   ACTIVE MUTANTS: 9
[]
[]   ALIVE MUTANTS: 0
[]
[]   EQUIVALENT MUTANTS: 0
[]
[]   MUTATION SCORE: 1.000000
[]
[]   OPERATORS:
[]   u-Cccr             25    u-CCDL              4    u-Ccsr             46    
[]   u-CRCR             80    u-OAAN             12    u-OABN              9    
[]   u-OALN              6    u-OARN             18    u-OASN              6    
[]   u-OCNG              6    u-OEAA             40    u-OEBA             24    
[]   u-OESA             16    u-Oido              4    u-OODL             16    
[]   u-ORAN             25    u-ORBN             15    u-ORLN             10    
[]   u-ORRN             25    u-ORSN             10    u-SBRC              1    
[]   u-SBRn              1    u-SMTC              3    u-SMTT              3    
[]   u-SMVB              1    u-SRSR             27    u-SSDL             25    
[]   u-STRI              6    u-STRP             25    u-SWDD              1    
[]   u-VDTR             48    u-VLSR            136    u-VTWD             32    
[]   u-VVDL              9    
[]
[][][][][][][][][][][][][][][][][][][][][][][][][][][][][][]

Teste Case # 1
	Number of Dead Mutants: 188
_________________________________________________


Teste Case # 2
	Number of Dead Mutants: 185
_________________________________________________


Teste Case # 3
	Number of Dead Mutants: 192
_________________________________________________


Teste Case # 4
	Number of Dead Mutants: 480
_________________________________________________


Teste Case # 5
	Number of Dead Mutants: 617
_________________________________________________


Teste Case # 6
	Number of Dead Mutants: 627
_________________________________________________
