
Teste Case # 1 0
Label:	
	ENABLED
	Exec. Time (CPU): 10
	Exec. Time (total): 10
	Return Code: 0
	Parameters: 0 
	Input Size: 0
	Output Size: 3
	Stderr Size: 0
	Input:

	Output:
0


	Stderr:

Travessed blocks:

Teste Case # 2 1
Label:	
	ENABLED
	Exec. Time (CPU): 10
	Exec. Time (total): 10
	Return Code: 0
	Parameters: 10 
	Input Size: 0
	Output Size: 4
	Stderr Size: 0
	Input:

	Output:
1
1

	Stderr:

Travessed blocks:

Teste Case # 3 2
Label:	
	ENABLED
	Exec. Time (CPU): 10
	Exec. Time (total): 10
	Return Code: 0
	Parameters: 1234 
	Input Size: 0
	Output Size: 10
	Stderr Size: 0
	Input:

	Output:
4321
1234

	Stderr:

Travessed blocks:

Teste Case # 4 3
Label:	
	ENABLED
	Exec. Time (CPU): 10
	Exec. Time (total): 10
	Return Code: 0
	Parameters: 0123456789 
	Input Size: 0
	Output Size: 20
	Stderr Size: 0
	Input:

	Output:
987654321
123456789

	Stderr:

Travessed blocks:
