
Teste Case # 1 0
Label:	
	ENABLED
	Exec. Time (CPU): 10
	Exec. Time (total): 10
	Return Code: 9
	Parameters: 
	Input Size: 0
	Output Size: 9
	Stderr Size: 0
	Input:

	Output:
String: 

	Stderr:

Travessed blocks:

Teste Case # 2 1
Label:	
	ENABLED
	Exec. Time (CPU): 10
	Exec. Time (total): 10
	Return Code: 16
	Parameters: abc abc xyzabc abcd 
	Input Size: 0
	Output Size: 16
	Stderr Size: 0
	Input:

	Output:
String: abc abc

	Stderr:

Travessed blocks:

Teste Case # 3 2
Label:	
	ENABLED
	Exec. Time (CPU): 10
	Exec. Time (total): 11
	Return Code: 20
	Parameters: aaaaaaaaaaaa 
	Input Size: 0
	Output Size: 20
	Stderr Size: 0
	Input:

	Output:
String: aaaaaaaaaaa

	Stderr:

Travessed blocks:

Teste Case # 4 3
Label:	
	ENABLED
	Exec. Time (CPU): 10
	Exec. Time (total): 11
	Return Code: 10
	Parameters: aa 
	Input Size: 0
	Output Size: 10
	Stderr Size: 0
	Input:

	Output:
String: a

	Stderr:

Travessed blocks:

Teste Case # 5 4
Label:	
	ENABLED
	Exec. Time (CPU): 10
	Exec. Time (total): 10
	Return Code: 11
	Parameters: aaa 
	Input Size: 0
	Output Size: 11
	Stderr Size: 0
	Input:

	Output:
String: aa

	Stderr:

Travessed blocks:

Teste Case # 6 5
Label:	
	ENABLED
	Exec. Time (CPU): 10
	Exec. Time (total): 10
	Return Code: 13
	Parameters: aaaaa 
	Input Size: 0
	Output Size: 13
	Stderr Size: 0
	Input:

	Output:
String: aaaa

	Stderr:

Travessed blocks:

Teste Case # 7 6
Label:	
	ENABLED
	Exec. Time (CPU): 10
	Exec. Time (total): 10
	Return Code: 13
	Parameters: BBB!!!!! 
	Input Size: 0
	Output Size: 13
	Stderr Size: 0
	Input:

	Output:
String: !!!!

	Stderr:

Travessed blocks:
