
[][][][][][][][][][][][][][][][][][][][][][][][][][][][][][]
[]
[]                  PROGRAM TESTE: S_DigitReverser
[]----------------------------------------------------------
[]   SOURCE FILE: DigitReverser
[]
[]   TOTAL MUTANTS: 496
[]
[]   ANOMALOUS MUTANTS: 0
[]
[]   ACTIVE MUTANTS: 15
[]
[]   ALIVE MUTANTS: 0
[]
[]   EQUIVALENT MUTANTS: 0
[]
[]   MUTATION SCORE: 1.000000
[]
[]   OPERATORS:
[]   u-Cccr             33    u-CCDL              8    u-Ccsr             36    
[]   u-CRCR             45    u-OAAN             28    u-OABN             21    
[]   u-OALN             14    u-OARN             42    u-OASN             14    
[]   u-OCNG              2    u-OEAA             30    u-OEBA             18    
[]   u-OESA             12    u-Oido              1    u-OODL             18    
[]   u-ORAN             10    u-ORBN              6    u-ORLN              4    
[]   u-ORRN             10    u-ORSN              4    u-SMTC              2    
[]   u-SMTT              2    u-SMVB              4    u-SRSR             15    
[]   u-SSDL             15    u-STRP             15    u-SWDD              2    
[]   u-VDTR             27    u-VLSR             32    u-VTWD             18    
[]   u-VVDL              8    
[]
[][][][][][][][][][][][][][][][][][][][][][][][][][][][][][]

Teste Case # 1
	Number of Dead Mutants: 80
_________________________________________________


Teste Case # 2
	Number of Dead Mutants: 380
_________________________________________________


Teste Case # 3
	Number of Dead Mutants: 445
_________________________________________________


Teste Case # 4
	Number of Dead Mutants: 447
_________________________________________________
