
[][][][][][][][][][][][][][][][][][][][][][][][][][][][][][]
[]
[]                  PROGRAM TESTE: S_findVal
[]----------------------------------------------------------
[]   SOURCE FILE: findVal
[]
[]   TOTAL MUTANTS: 190
[]
[]   ANOMALOUS MUTANTS: 0
[]
[]   ACTIVE MUTANTS: 190
[]
[]   ALIVE MUTANTS: 4
[]
[]   EQUIVALENT MUTANTS: 16
[]
[]   MUTATION SCORE: 0.977012
[]
[]   OPERATORS:
[]   u-Ccsr              7    u-CRCR             35    u-OCNG              2    
[]   u-OEAA             10    u-OEBA              6    u-OESA              4    
[]   u-Oido              1    u-OODL              4    u-ORAN             10    
[]   u-ORBN              6    u-ORLN              4    u-ORRN             10    
[]   u-ORSN              4    u-SMTC              1    u-SMTT              1    
[]   u-SRSR              3    u-SSDL              5    u-STRI              2    
[]   u-STRP              5    u-VDTR             21    u-VLSR             31    
[]   u-VTWD             14    u-VVDL              4    
[]
[][][][][][][][][][][][][][][][][][][][][][][][][][][][][][]

Teste Case # 1
	Number of Dead Mutants: 29
_________________________________________________


Teste Case # 2
	Number of Dead Mutants: 126
_________________________________________________


Teste Case # 3
	Number of Dead Mutants: 2
_________________________________________________


Teste Case # 4
	Number of Dead Mutants: 8
_________________________________________________


Teste Case # 5
	Number of Dead Mutants: 4
_________________________________________________


Teste Case # 6
	Number of Dead Mutants: 1
_________________________________________________
