
Teste Case # 1 0
Label:	
	ENABLED
	Exec. Time (CPU): 10
	Exec. Time (total): 10
	Return Code: 0
	Parameters: 1 
	Input Size: 0
	Output Size: 32
	Stderr Size: 0
	Input:

	Output:
The LAST occurrence of 1 is: -1

	Stderr:

Travessed blocks:

Teste Case # 2 1
Label:	
	ENABLED
	Exec. Time (CPU): 10
	Exec. Time (total): 10
	Return Code: 0
	Parameters: 1 1 2 3 
	Input Size: 0
	Output Size: 31
	Stderr Size: 0
	Input:

	Output:
The LAST occurrence of 1 is: 0

	Stderr:

Travessed blocks:

Teste Case # 3 2
Label:	
	ENABLED
	Exec. Time (CPU): 10
	Exec. Time (total): 10
	Return Code: 0
	Parameters: 1 -1 2 3 
	Input Size: 0
	Output Size: 32
	Stderr Size: 0
	Input:

	Output:
The LAST occurrence of 1 is: -1

	Stderr:

Travessed blocks:

Teste Case # 4 3
Label:	
	ENABLED
	Exec. Time (CPU): 10
	Exec. Time (total): 10
	Return Code: 0
	Parameters: 1 0 1 -2 
	Input Size: 0
	Output Size: 31
	Stderr Size: 0
	Input:

	Output:
The LAST occurrence of 1 is: 1

	Stderr:

Travessed blocks:

Teste Case # 5 4
Label:	
	ENABLED
	Exec. Time (CPU): 10
	Exec. Time (total): 10
	Return Code: 0
	Parameters: 2 -1 1 2 
	Input Size: 0
	Output Size: 31
	Stderr Size: 0
	Input:

	Output:
The LAST occurrence of 2 is: 2

	Stderr:

Travessed blocks:

Teste Case # 6 5
Label:	
	ENABLED
	Exec. Time (CPU): 10
	Exec. Time (total): 10
	Return Code: 0
	Parameters: -1 2 3 -1 
	Input Size: 0
	Output Size: 32
	Stderr Size: 0
	Input:

	Output:
The LAST occurrence of -1 is: 2

	Stderr:

Travessed blocks:
