
[][][][][][][][][][][][][][][][][][][][][][][][][][][][][][]
[]
[]                  PROGRAM TESTE: S_schedule
[]----------------------------------------------------------
[]   SOURCE FILE: schedule
[]
[]   TOTAL MUTANTS: 2109
[]
[]   ANOMALOUS MUTANTS: 0
[]
[]   ACTIVE MUTANTS: 2109
[]
[]   ALIVE MUTANTS: 2109
[]
[]   EQUIVALENT MUTANTS: 0
[]
[]   MUTATION SCORE: 0.000000
[]
[]   OPERATORS:
[]   u-Cccr             24    u-CCDL             11    u-Ccsr             81    
[]   u-CRCR            263    u-OAAN             16    u-OABN              3    
[]   u-OALN             10    u-OARN             30    u-OASN              2    
[]   u-OCNG             22    u-OCOR             16    u-OEAA             95    
[]   u-OEBA             57    u-OESA             38    u-Oido             10    
[]   u-OLAN             17    u-OLBN              9    u-OLLN              5    
[]   u-OLNG             15    u-OLRN             30    u-OLSN              6    
[]   u-OODL             49    u-ORAN             60    u-ORBN             36    
[]   u-ORLN             24    u-ORRN             60    u-ORSN             24    
[]   u-SMTC              5    u-SMTT              5    u-SMVB              2    
[]   u-SRSR            150    u-SSDL            148    u-SSWM              7    
[]   u-STRI             34    u-STRP            148    u-VDTR            153    
[]   u-VGSR            146    u-VLSR            152    u-VSCR             22    
[]   u-VTWD            102    u-VVDL             22    
[]
[][][][][][][][][][][][][][][][][][][][][][][][][][][][][][]