
Teste Case # 1 0
Label:	
	ENABLED
	Exec. Time (CPU): 10
	Exec. Time (total): 10
	Return Code: 0
	Parameters: 
	Input Size: 0
	Output Size: 18
	Stderr Size: 0
	Input:

	Output:
Sorted elements: 

	Stderr:

Travessed blocks:

Teste Case # 2 1
Label:	
	ENABLED
	Exec. Time (CPU): 10
	Exec. Time (total): 10
	Return Code: 0
	Parameters: 1 
	Input Size: 0
	Output Size: 20
	Stderr Size: 0
	Input:

	Output:
Sorted elements:  1

	Stderr:

Travessed blocks:

Teste Case # 3 2
Label:	
	ENABLED
	Exec. Time (CPU): 10
	Exec. Time (total): 10
	Return Code: 0
	Parameters: 1 2 
	Input Size: 0
	Output Size: 22
	Stderr Size: 0
	Input:

	Output:
Sorted elements:  1 2

	Stderr:

Travessed blocks:

Teste Case # 4 3
Label:	
	ENABLED
	Exec. Time (CPU): 10
	Exec. Time (total): 10
	Return Code: 0
	Parameters: 2 1 
	Input Size: 0
	Output Size: 22
	Stderr Size: 0
	Input:

	Output:
Sorted elements:  1 2

	Stderr:

Travessed blocks:

Teste Case # 5 4
Label:	
	ENABLED
	Exec. Time (CPU): 10
	Exec. Time (total): 11
	Return Code: 0
	Parameters: 1 2 3 
	Input Size: 0
	Output Size: 24
	Stderr Size: 0
	Input:

	Output:
Sorted elements:  1 2 3

	Stderr:

Travessed blocks:

Teste Case # 6 5
Label:	
	ENABLED
	Exec. Time (CPU): 10
	Exec. Time (total): 10
	Return Code: 0
	Parameters: 3 2 1 
	Input Size: 0
	Output Size: 24
	Stderr Size: 0
	Input:

	Output:
Sorted elements:  1 2 3

	Stderr:

Travessed blocks:

Teste Case # 7 6
Label:	
	ENABLED
	Exec. Time (CPU): 11
	Exec. Time (total): 11
	Return Code: 0
	Parameters: 2 3 1 
	Input Size: 0
	Output Size: 24
	Stderr Size: 0
	Input:

	Output:
Sorted elements:  1 2 3

	Stderr:

Travessed blocks:

Teste Case # 8 7
Label:	
	ENABLED
	Exec. Time (CPU): 11
	Exec. Time (total): 11
	Return Code: 0
	Parameters: 8 3 7 9 6 1 9 10 
	Input Size: 0
	Output Size: 35
	Stderr Size: 0
	Input:

	Output:
Sorted elements:  1 3 6 7 8 9 9 10

	Stderr:

Travessed blocks:

Teste Case # 9 8
Label:	
	ENABLED
	Exec. Time (CPU): 10
	Exec. Time (total): 10
	Return Code: 0
	Parameters: 8 2 78 892 11 0 34 
	Input Size: 0
	Output Size: 37
	Stderr Size: 0
	Input:

	Output:
Sorted elements:  0 2 8 11 34 78 892

	Stderr:

Travessed blocks:

Teste Case # 10 9
Label:	
	ENABLED
	Exec. Time (CPU): 11
	Exec. Time (total): 11
	Return Code: 0
	Parameters: 9 03 83 9 2 0 1 65 2 822 9 11 22 3 3 3 47 
	Input Size: 0
	Output Size: 59
	Stderr Size: 0
	Input:

	Output:
Sorted elements:  0 1 2 2 3 3 3 3 9 9 9 11 22 47 65 83 822

	Stderr:

Travessed blocks:

Teste Case # 11 10
Label:	
	ENABLED
	Exec. Time (CPU): 10
	Exec. Time (total): 10
	Return Code: 0
	Parameters: -6 9 0 1 17 91 0 178 
	Input Size: 0
	Output Size: 39
	Stderr Size: 0
	Input:

	Output:
Sorted elements:  -6 0 0 1 9 17 91 178

	Stderr:

Travessed blocks:

Teste Case # 12 11
Label:	
	ENABLED
	Exec. Time (CPU): 10
	Exec. Time (total): 11
	Return Code: 0
	Parameters: -3 -2 -1 -9 -5 -1 -19 -33 
	Input Size: 0
	Output Size: 44
	Stderr Size: 0
	Input:

	Output:
Sorted elements:  -33 -19 -9 -5 -3 -2 -1 -1

	Stderr:

Travessed blocks:

Teste Case # 13 12
Label:	
	ENABLED
	Exec. Time (CPU): 10
	Exec. Time (total): 10
	Return Code: 0
	Parameters: -5 -6 -7 0 0 0 0 -8 1 2 3 
	Input Size: 0
	Output Size: 44
	Stderr Size: 0
	Input:

	Output:
Sorted elements:  -8 -7 -6 -5 0 0 0 0 1 2 3

	Stderr:

Travessed blocks:
