
[][][][][][][][][][][][][][][][][][][][][][][][][][][][][][]
[]
[]                  PROGRAM TESTE: S_pcal
[]----------------------------------------------------------
[]   SOURCE FILE: pcal
[]
[]   TOTAL MUTANTS: 6419
[]
[]   ANOMALOUS MUTANTS: 0
[]
[]   ACTIVE MUTANTS: 136
[]
[]   ALIVE MUTANTS: 26
[]
[]   EQUIVALENT MUTANTS: 8
[]
[]   MUTATION SCORE: 0.796875
[]
[]   OPERATORS:
[]   u-Cccr            455    u-CCDL             46    u-Ccsr            750    
[]   u-CRCR            645    u-OAAA             28    u-OAAN            128    
[]   u-OABA             21    u-OABN             96    u-OAEA              7    
[]   u-OALN             64    u-OARN            192    u-OASA             14    
[]   u-OASN             64    u-OCNG             34    u-OEAA            125    
[]   u-OEBA             75    u-OESA             50    u-Oido             24    
[]   u-OLAN             70    u-OLBN             42    u-OLLN             14    
[]   u-OLNG             42    u-OLRN             84    u-OLSN             28    
[]   u-OODL            191    u-ORAN            205    u-ORBN            123    
[]   u-ORLN             84    u-ORRN            210    u-ORSN             82    
[]   u-SMTC              8    u-SMTT              8    u-SMVB              5    
[]   u-SRSR            130    u-SSDL            136    u-SSWM             11    
[]   u-STRI             42    u-STRP            136    u-VDTR            387    
[]   u-VGAR             36    u-VGPR             37    u-VLAR              1    
[]   u-VLPR             12    u-VLSR           1119    u-VSCR             27    
[]   u-VTWD            258    u-VVDL             73    
[]
[][][][][][][][][][][][][][][][][][][][][][][][][][][][][][]

Teste Case # 1
	Number of Dead Mutants: 4104
_________________________________________________


Teste Case # 2
	Number of Dead Mutants: 3341
_________________________________________________


Teste Case # 3
	Number of Dead Mutants: 4542
_________________________________________________


Teste Case # 4
	Number of Dead Mutants: 3473
_________________________________________________


Teste Case # 5
	Number of Dead Mutants: 4018
_________________________________________________


Teste Case # 6
	Number of Dead Mutants: 265
_________________________________________________


Teste Case # 7
	Number of Dead Mutants: 4269
_________________________________________________


Teste Case # 8
	Number of Dead Mutants: 163
_________________________________________________


Teste Case # 9
	Number of Dead Mutants: 164
_________________________________________________


Teste Case # 10
	Number of Dead Mutants: 108
_________________________________________________


Teste Case # 11
	Number of Dead Mutants: 151
_________________________________________________


Teste Case # 12
	Number of Dead Mutants: 120
_________________________________________________


Teste Case # 13
	Number of Dead Mutants: 160
_________________________________________________


Teste Case # 14
	Number of Dead Mutants: 3419
_________________________________________________


Teste Case # 15
	Number of Dead Mutants: 3440
_________________________________________________


Teste Case # 16
	Number of Dead Mutants: 4270
_________________________________________________


Teste Case # 17
	Number of Dead Mutants: 30
_________________________________________________


Teste Case # 18
	Number of Dead Mutants: 55
_________________________________________________


Teste Case # 19
	Number of Dead Mutants: 4290
_________________________________________________


Teste Case # 20
	Number of Dead Mutants: 4258
_________________________________________________


Teste Case # 21
	Number of Dead Mutants: 4399
_________________________________________________


Teste Case # 22
	Number of Dead Mutants: 4462
_________________________________________________


Teste Case # 23
	Number of Dead Mutants: 4165
_________________________________________________


Teste Case # 24
	Number of Dead Mutants: 4160
_________________________________________________


Teste Case # 25
	Number of Dead Mutants: 3975
_________________________________________________


Teste Case # 26
	Number of Dead Mutants: 3984
_________________________________________________


Teste Case # 27
	Number of Dead Mutants: 658
_________________________________________________


Teste Case # 28
	Number of Dead Mutants: 409
_________________________________________________


Teste Case # 29
	Number of Dead Mutants: 396
_________________________________________________


Teste Case # 30
	Number of Dead Mutants: 399
_________________________________________________


Teste Case # 31
	Number of Dead Mutants: 159
_________________________________________________


Teste Case # 32
	Number of Dead Mutants: 410
_________________________________________________


Teste Case # 33
	Number of Dead Mutants: 4640
_________________________________________________


Teste Case # 34
	Number of Dead Mutants: 327
_________________________________________________


Teste Case # 35
	Number of Dead Mutants: 495
_________________________________________________


Teste Case # 36
	Number of Dead Mutants: 328
_________________________________________________


Teste Case # 37
	Number of Dead Mutants: 492
_________________________________________________


Teste Case # 38
	Number of Dead Mutants: 4528
_________________________________________________


Teste Case # 39
	Number of Dead Mutants: 3666
_________________________________________________
