
[][][][][][][][][][][][][][][][][][][][][][][][][][][][][][]
[]
[]                  PROGRAM TESTE: S_lastZero
[]----------------------------------------------------------
[]   SOURCE FILE: lastZero
[]
[]   TOTAL MUTANTS: 173
[]
[]   ANOMALOUS MUTANTS: 0
[]
[]   ACTIVE MUTANTS: 173
[]
[]   ALIVE MUTANTS: 0
[]
[]   EQUIVALENT MUTANTS: 10
[]
[]   MUTATION SCORE: 1.000000
[]
[]   OPERATORS:
[]   u-CCDL              1    u-Ccsr              6    u-CRCR             30    
[]   u-OCNG              2    u-OEAA             10    u-OEBA              6    
[]   u-OESA              4    u-Oido              1    u-OODL              4    
[]   u-ORAN             10    u-ORBN              6    u-ORLN              4    
[]   u-ORRN             10    u-ORSN              4    u-SMTC              1    
[]   u-SMTT              1    u-SRSR              5    u-SSDL              7    
[]   u-STRI              2    u-STRP              7    u-VDTR             18    
[]   u-VLSR             19    u-VTWD             12    u-VVDL              3    
[]
[][][][][][][][][][][][][][][][][][][][][][][][][][][][][][]

Teste Case # 1
	Number of Dead Mutants: 149
_________________________________________________


Teste Case # 2
	Number of Dead Mutants: 38
_________________________________________________


Teste Case # 3
	Number of Dead Mutants: 151
_________________________________________________


Teste Case # 4
	Number of Dead Mutants: 147
_________________________________________________
