
[][][][][][][][][][][][][][][][][][][][][][][][][][][][][][]
[]
[]                  PROGRAM TESTE: S_schedule
[]----------------------------------------------------------
[]   SOURCE FILE: schedule
[]
[]   TOTAL MUTANTS: 2109
[]
[]   ANOMALOUS MUTANTS: 0
[]
[]   ACTIVE MUTANTS: 24
[]
[]   ALIVE MUTANTS: 0
[]
[]   EQUIVALENT MUTANTS: 1
[]
[]   MUTATION SCORE: 1.000000
[]
[]   OPERATORS:
[]   u-Cccr             24    u-CCDL             11    u-Ccsr             81    
[]   u-CRCR            263    u-OAAN             16    u-OABN              3    
[]   u-OALN             10    u-OARN             30    u-OASN              2    
[]   u-OCNG             22    u-OCOR             16    u-OEAA             95    
[]   u-OEBA             57    u-OESA             38    u-Oido             10    
[]   u-OLAN             17    u-OLBN              9    u-OLLN              5    
[]   u-OLNG             15    u-OLRN             30    u-OLSN              6    
[]   u-OODL             49    u-ORAN             60    u-ORBN             36    
[]   u-ORLN             24    u-ORRN             60    u-ORSN             24    
[]   u-SMTC              5    u-SMTT              5    u-SMVB              2    
[]   u-SRSR            150    u-SSDL            148    u-SSWM              7    
[]   u-STRI             34    u-STRP            148    u-VDTR            153    
[]   u-VGSR            146    u-VLSR            152    u-VSCR             22    
[]   u-VTWD            102    u-VVDL             22    
[]
[][][][][][][][][][][][][][][][][][][][][][][][][][][][][][]

Teste Case # 1
	Number of Dead Mutants: 138
_________________________________________________


Teste Case # 2
	Number of Dead Mutants: 1184
_________________________________________________


Teste Case # 3
	Number of Dead Mutants: 1072
_________________________________________________


Teste Case # 4
	Number of Dead Mutants: 1478
_________________________________________________


Teste Case # 5
	Number of Dead Mutants: 1324
_________________________________________________


Teste Case # 6
	Number of Dead Mutants: 1215
_________________________________________________


Teste Case # 7
	Number of Dead Mutants: 1552
_________________________________________________


Teste Case # 8
	Number of Dead Mutants: 1561
_________________________________________________


Teste Case # 9
	Number of Dead Mutants: 1158
_________________________________________________


Teste Case # 10
	Number of Dead Mutants: 1603
_________________________________________________


Teste Case # 11
	Number of Dead Mutants: 1614
_________________________________________________


Teste Case # 12
	Number of Dead Mutants: 905
_________________________________________________


Teste Case # 13
	Number of Dead Mutants: 818
_________________________________________________


Teste Case # 14
	Number of Dead Mutants: 1587
_________________________________________________


Teste Case # 15
	Number of Dead Mutants: 1454
_________________________________________________


Teste Case # 16
	Number of Dead Mutants: 1221
_________________________________________________


Teste Case # 17
	Number of Dead Mutants: 393
_________________________________________________


Teste Case # 18
	Number of Dead Mutants: 533
_________________________________________________


Teste Case # 19
	Number of Dead Mutants: 217
_________________________________________________


Teste Case # 20
	Number of Dead Mutants: 1593
_________________________________________________


Teste Case # 21
	Number of Dead Mutants: 1638
_________________________________________________


Teste Case # 22
	Number of Dead Mutants: 1185
_________________________________________________


Teste Case # 23
	Number of Dead Mutants: 1458
_________________________________________________


Teste Case # 24
	Number of Dead Mutants: 1661
_________________________________________________


Teste Case # 25
	Number of Dead Mutants: 198
_________________________________________________


Teste Case # 26
	Number of Dead Mutants: 189
_________________________________________________


Teste Case # 27
	Number of Dead Mutants: 1130
_________________________________________________


Teste Case # 28
	Number of Dead Mutants: 198
_________________________________________________


Teste Case # 29
	Number of Dead Mutants: 1526
_________________________________________________


Teste Case # 30
	Number of Dead Mutants: 794
_________________________________________________


Teste Case # 31
	Number of Dead Mutants: 347
_________________________________________________


Teste Case # 32
	Number of Dead Mutants: 1628
_________________________________________________


Teste Case # 33
	Number of Dead Mutants: 357
_________________________________________________


Teste Case # 34
	Number of Dead Mutants: 318
_________________________________________________


Teste Case # 35
	Number of Dead Mutants: 335
_________________________________________________


Teste Case # 36
	Number of Dead Mutants: 135
_________________________________________________


Teste Case # 37
	Number of Dead Mutants: 304
_________________________________________________


Teste Case # 38
	Number of Dead Mutants: 555
_________________________________________________


Teste Case # 39
	Number of Dead Mutants: 814
_________________________________________________


Teste Case # 40
	Number of Dead Mutants: 817
_________________________________________________


Teste Case # 41
	Number of Dead Mutants: 874
_________________________________________________


Teste Case # 42
	Number of Dead Mutants: 870
_________________________________________________


Teste Case # 43
	Number of Dead Mutants: 1619
_________________________________________________


Teste Case # 44
	Number of Dead Mutants: 127
_________________________________________________
